<?xml version="1.0" encoding="UTF-8"?>
<coverage generated="1692903327232" clover="3.2.0">
  <project timestamp="1692903327232" name="All files">
    <metrics statements="182" coveredstatements="125" conditionals="57" coveredconditionals="25" methods="77" coveredmethods="57" elements="316" coveredelements="207" complexity="0" loc="182" ncloc="182" packages="21" files="42" classes="42"/>
    <package name="src">
      <metrics statements="2" coveredstatements="2" conditionals="0" coveredconditionals="0" methods="1" coveredmethods="1"/>
      <file name="App.tsx" path="/Users/yuliasivakova/Documents/front/RS/eCommApp/src/App.tsx">
        <metrics statements="2" coveredstatements="2" conditionals="0" coveredconditionals="0" methods="1" coveredmethods="1"/>
        <line num="7" count="2" type="stmt"/>
        <line num="10" count="12" type="stmt"/>
      </file>
    </package>
    <package name="src.assets">
      <metrics statements="1" coveredstatements="1" conditionals="0" coveredconditionals="0" methods="0" coveredmethods="0"/>
      <file name="theme1.tsx" path="/Users/yuliasivakova/Documents/front/RS/eCommApp/src/assets/theme1.tsx">
        <metrics statements="1" coveredstatements="1" conditionals="0" coveredconditionals="0" methods="0" coveredmethods="0"/>
        <line num="3" count="15" type="stmt"/>
      </file>
    </package>
    <package name="src.components.footer">
      <metrics statements="3" coveredstatements="3" conditionals="0" coveredconditionals="0" methods="2" coveredmethods="2"/>
      <file name="footer.tsx" path="/Users/yuliasivakova/Documents/front/RS/eCommApp/src/components/footer/footer.tsx">
        <metrics statements="3" coveredstatements="3" conditionals="0" coveredconditionals="0" methods="2" coveredmethods="2"/>
        <line num="9" count="3" type="stmt"/>
        <line num="12" count="13" type="stmt"/>
        <line num="26" count="13" type="stmt"/>
      </file>
    </package>
    <package name="src.components.header">
      <metrics statements="12" coveredstatements="9" conditionals="2" coveredconditionals="1" methods="7" coveredmethods="5"/>
      <file name="header-nav.tsx" path="/Users/yuliasivakova/Documents/front/RS/eCommApp/src/components/header/header-nav.tsx">
        <metrics statements="2" coveredstatements="2" conditionals="0" coveredconditionals="0" methods="1" coveredmethods="1"/>
        <line num="8" count="3" type="stmt"/>
        <line num="11" count="13" type="stmt"/>
      </file>
      <file name="header.tsx" path="/Users/yuliasivakova/Documents/front/RS/eCommApp/src/components/header/header.tsx">
        <metrics statements="10" coveredstatements="7" conditionals="2" coveredconditionals="1" methods="6" coveredmethods="4"/>
        <line num="12" count="3" type="stmt"/>
        <line num="15" count="13" type="stmt"/>
        <line num="47" count="13" type="stmt"/>
        <line num="79" count="25" type="stmt"/>
        <line num="81" count="25" type="stmt"/>
        <line num="82" count="0" type="stmt"/>
        <line num="83" count="0" type="stmt"/>
        <line num="86" count="25" type="stmt"/>
        <line num="96" count="0" type="stmt"/>
        <line num="124" count="13" type="stmt"/>
      </file>
    </package>
    <package name="src.components.login-form">
      <metrics statements="40" coveredstatements="13" conditionals="30" coveredconditionals="8" methods="14" coveredmethods="2"/>
      <file name="login-form.tsx" path="/Users/yuliasivakova/Documents/front/RS/eCommApp/src/components/login-form/login-form.tsx">
        <metrics statements="30" coveredstatements="13" conditionals="30" coveredconditionals="8" methods="12" coveredmethods="2"/>
        <line num="18" count="4" type="stmt"/>
        <line num="19" count="4" type="stmt"/>
        <line num="20" count="4" type="stmt"/>
        <line num="21" count="4" type="stmt"/>
        <line num="22" count="4" type="stmt"/>
        <line num="24" count="4" type="stmt"/>
        <line num="25" count="4" type="cond" truecount="1" falsecount="1"/>
        <line num="26" count="0" type="stmt"/>
        <line num="30" count="4" type="stmt"/>
        <line num="31" count="0" type="stmt"/>
        <line num="32" count="0" type="cond" truecount="0" falsecount="4"/>
        <line num="33" count="0" type="stmt"/>
        <line num="34" count="0" type="cond" truecount="0" falsecount="2"/>
        <line num="35" count="0" type="stmt"/>
        <line num="36" count="0" type="cond" truecount="0" falsecount="2"/>
        <line num="37" count="0" type="stmt"/>
        <line num="38" count="0" type="stmt"/>
        <line num="44" count="4" type="stmt"/>
        <line num="45" count="0" type="stmt"/>
        <line num="47" count="4" type="stmt"/>
        <line num="48" count="0" type="stmt"/>
        <line num="51" count="4" type="stmt"/>
        <line num="53" count="4" type="stmt"/>
        <line num="54" count="0" type="stmt"/>
        <line num="57" count="4" type="stmt"/>
        <line num="71" count="0" type="cond" truecount="0" falsecount="2"/>
        <line num="72" count="0" type="stmt"/>
        <line num="86" count="0" type="cond" truecount="0" falsecount="2"/>
        <line num="87" count="0" type="stmt"/>
        <line num="105" count="0" type="stmt"/>
      </file>
      <file name="login-request.ts" path="/Users/yuliasivakova/Documents/front/RS/eCommApp/src/components/login-form/login-request.ts">
        <metrics statements="10" coveredstatements="0" conditionals="0" coveredconditionals="0" methods="2" coveredmethods="0"/>
        <line num="4" count="0" type="stmt"/>
        <line num="10" count="0" type="stmt"/>
        <line num="11" count="0" type="stmt"/>
        <line num="12" count="0" type="stmt"/>
        <line num="13" count="0" type="stmt"/>
        <line num="14" count="0" type="stmt"/>
        <line num="16" count="0" type="stmt"/>
        <line num="20" count="0" type="stmt"/>
        <line num="32" count="0" type="stmt"/>
        <line num="33" count="0" type="stmt"/>
      </file>
    </package>
    <package name="src.components.registration-form">
      <metrics statements="26" coveredstatements="10" conditionals="6" coveredconditionals="1" methods="6" coveredmethods="2"/>
      <file name="registration-form.tsx" path="/Users/yuliasivakova/Documents/front/RS/eCommApp/src/components/registration-form/registration-form.tsx">
        <metrics statements="26" coveredstatements="10" conditionals="6" coveredconditionals="1" methods="6" coveredmethods="2"/>
        <line num="30" count="4" type="stmt"/>
        <line num="36" count="4" type="stmt"/>
        <line num="37" count="4" type="stmt"/>
        <line num="39" count="4" type="stmt"/>
        <line num="41" count="4" type="stmt"/>
        <line num="42" count="0" type="stmt"/>
        <line num="45" count="4" type="stmt"/>
        <line num="47" count="4" type="stmt"/>
        <line num="48" count="3" type="cond" truecount="1" falsecount="1"/>
        <line num="49" count="0" type="stmt"/>
        <line num="53" count="4" type="stmt"/>
        <line num="55" count="0" type="stmt"/>
        <line num="56" count="0" type="stmt"/>
        <line num="65" count="0" type="cond" truecount="0" falsecount="2"/>
        <line num="66" count="0" type="stmt"/>
        <line num="67" count="0" type="stmt"/>
        <line num="69" count="0" type="cond" truecount="0" falsecount="2"/>
        <line num="70" count="0" type="stmt"/>
        <line num="71" count="0" type="stmt"/>
        <line num="74" count="0" type="stmt"/>
        <line num="76" count="0" type="stmt"/>
        <line num="77" count="0" type="stmt"/>
        <line num="78" count="0" type="stmt"/>
        <line num="79" count="0" type="stmt"/>
        <line num="80" count="0" type="stmt"/>
        <line num="88" count="4" type="stmt"/>
      </file>
    </package>
    <package name="src.data">
      <metrics statements="4" coveredstatements="4" conditionals="0" coveredconditionals="0" methods="0" coveredmethods="0"/>
      <file name="PATH.ts" path="/Users/yuliasivakova/Documents/front/RS/eCommApp/src/data/PATH.ts">
        <metrics statements="1" coveredstatements="1" conditionals="0" coveredconditionals="0" methods="0" coveredmethods="0"/>
        <line num="1" count="6" type="stmt"/>
      </file>
      <file name="TITLES.ts" path="/Users/yuliasivakova/Documents/front/RS/eCommApp/src/data/TITLES.ts">
        <metrics statements="2" coveredstatements="2" conditionals="0" coveredconditionals="0" methods="0" coveredmethods="0"/>
        <line num="1" count="11" type="stmt"/>
        <line num="6" count="11" type="stmt"/>
      </file>
      <file name="pages.ts" path="/Users/yuliasivakova/Documents/front/RS/eCommApp/src/data/pages.ts">
        <metrics statements="1" coveredstatements="1" conditionals="0" coveredconditionals="0" methods="0" coveredmethods="0"/>
        <line num="1" count="3" type="stmt"/>
      </file>
    </package>
    <package name="src.pages.about">
      <metrics statements="2" coveredstatements="2" conditionals="0" coveredconditionals="0" methods="1" coveredmethods="1"/>
      <file name="about.tsx" path="/Users/yuliasivakova/Documents/front/RS/eCommApp/src/pages/about/about.tsx">
        <metrics statements="2" coveredstatements="2" conditionals="0" coveredconditionals="0" methods="1" coveredmethods="1"/>
        <line num="4" count="3" type="stmt"/>
        <line num="7" count="3" type="stmt"/>
      </file>
    </package>
    <package name="src.pages.basket">
      <metrics statements="2" coveredstatements="2" conditionals="0" coveredconditionals="0" methods="1" coveredmethods="1"/>
      <file name="basket_page.tsx" path="/Users/yuliasivakova/Documents/front/RS/eCommApp/src/pages/basket/basket_page.tsx">
        <metrics statements="2" coveredstatements="2" conditionals="0" coveredconditionals="0" methods="1" coveredmethods="1"/>
        <line num="5" count="3" type="stmt"/>
        <line num="8" count="3" type="stmt"/>
      </file>
    </package>
    <package name="src.pages.contacts">
      <metrics statements="9" coveredstatements="9" conditionals="8" coveredconditionals="8" methods="5" coveredmethods="5"/>
      <file name="contacts-img.tsx" path="/Users/yuliasivakova/Documents/front/RS/eCommApp/src/pages/contacts/contacts-img.tsx">
        <metrics statements="1" coveredstatements="1" conditionals="0" coveredconditionals="0" methods="1" coveredmethods="1"/>
        <line num="4" count="2" type="stmt"/>
      </file>
      <file name="contacts_page.tsx" path="/Users/yuliasivakova/Documents/front/RS/eCommApp/src/pages/contacts/contacts_page.tsx">
        <metrics statements="6" coveredstatements="6" conditionals="8" coveredconditionals="8" methods="4" coveredmethods="4"/>
        <line num="14" count="3" type="stmt"/>
        <line num="17" count="2" type="stmt"/>
        <line num="44" count="2" type="stmt"/>
        <line num="63" count="2" type="stmt"/>
        <line num="64" count="8" type="stmt"/>
        <line num="75" count="2" type="stmt"/>
      </file>
      <file name="dataContacts.ts" path="/Users/yuliasivakova/Documents/front/RS/eCommApp/src/pages/contacts/dataContacts.ts">
        <metrics statements="2" coveredstatements="2" conditionals="0" coveredconditionals="0" methods="0" coveredmethods="0"/>
        <line num="1" count="3" type="stmt"/>
        <line num="20" count="3" type="stmt"/>
      </file>
    </package>
    <package name="src.pages.guarantee">
      <metrics statements="8" coveredstatements="8" conditionals="2" coveredconditionals="2" methods="5" coveredmethods="5"/>
      <file name="dataGuarantee.ts" path="/Users/yuliasivakova/Documents/front/RS/eCommApp/src/pages/guarantee/dataGuarantee.ts">
        <metrics statements="1" coveredstatements="1" conditionals="0" coveredconditionals="0" methods="0" coveredmethods="0"/>
        <line num="1" count="3" type="stmt"/>
      </file>
      <file name="guarantee-img.tsx" path="/Users/yuliasivakova/Documents/front/RS/eCommApp/src/pages/guarantee/guarantee-img.tsx">
        <metrics statements="1" coveredstatements="1" conditionals="0" coveredconditionals="0" methods="1" coveredmethods="1"/>
        <line num="4" count="3" type="stmt"/>
      </file>
      <file name="guarantee_page.tsx" path="/Users/yuliasivakova/Documents/front/RS/eCommApp/src/pages/guarantee/guarantee_page.tsx">
        <metrics statements="6" coveredstatements="6" conditionals="2" coveredconditionals="2" methods="4" coveredmethods="4"/>
        <line num="7" count="3" type="stmt"/>
        <line num="10" count="3" type="stmt"/>
        <line num="33" count="3" type="stmt"/>
        <line num="53" count="3" type="stmt"/>
        <line num="54" count="12" type="stmt"/>
        <line num="63" count="3" type="stmt"/>
      </file>
    </package>
    <package name="src.pages.login">
      <metrics statements="3" coveredstatements="3" conditionals="0" coveredconditionals="0" methods="2" coveredmethods="2"/>
      <file name="login_page.tsx" path="/Users/yuliasivakova/Documents/front/RS/eCommApp/src/pages/login/login_page.tsx">
        <metrics statements="3" coveredstatements="3" conditionals="0" coveredconditionals="0" methods="2" coveredmethods="2"/>
        <line num="9" count="3" type="stmt"/>
        <line num="12" count="4" type="stmt"/>
        <line num="36" count="4" type="stmt"/>
      </file>
    </package>
    <package name="src.pages.main">
      <metrics statements="4" coveredstatements="4" conditionals="0" coveredconditionals="0" methods="2" coveredmethods="2"/>
      <file name="main.tsx" path="/Users/yuliasivakova/Documents/front/RS/eCommApp/src/pages/main/main.tsx">
        <metrics statements="2" coveredstatements="2" conditionals="0" coveredconditionals="0" methods="1" coveredmethods="1"/>
        <line num="9" count="2" type="stmt"/>
        <line num="12" count="3" type="stmt"/>
      </file>
      <file name="main_page-create.tsx" path="/Users/yuliasivakova/Documents/front/RS/eCommApp/src/pages/main/main_page-create.tsx">
        <metrics statements="2" coveredstatements="2" conditionals="0" coveredconditionals="0" methods="1" coveredmethods="1"/>
        <line num="5" count="2" type="stmt"/>
        <line num="8" count="3" type="stmt"/>
      </file>
    </package>
    <package name="src.pages.not-found">
      <metrics statements="3" coveredstatements="3" conditionals="0" coveredconditionals="0" methods="2" coveredmethods="2"/>
      <file name="not-found-img.tsx" path="/Users/yuliasivakova/Documents/front/RS/eCommApp/src/pages/not-found/not-found-img.tsx">
        <metrics statements="1" coveredstatements="1" conditionals="0" coveredconditionals="0" methods="1" coveredmethods="1"/>
        <line num="4" count="1" type="stmt"/>
      </file>
      <file name="not-found.tsx" path="/Users/yuliasivakova/Documents/front/RS/eCommApp/src/pages/not-found/not-found.tsx">
        <metrics statements="2" coveredstatements="2" conditionals="0" coveredconditionals="0" methods="1" coveredmethods="1"/>
        <line num="7" count="3" type="stmt"/>
        <line num="10" count="1" type="stmt"/>
      </file>
    </package>
    <package name="src.pages.plants">
      <metrics statements="2" coveredstatements="2" conditionals="0" coveredconditionals="0" methods="1" coveredmethods="1"/>
      <file name="plants_page.tsx" path="/Users/yuliasivakova/Documents/front/RS/eCommApp/src/pages/plants/plants_page.tsx">
        <metrics statements="2" coveredstatements="2" conditionals="0" coveredconditionals="0" methods="1" coveredmethods="1"/>
        <line num="5" count="3" type="stmt"/>
        <line num="8" count="3" type="stmt"/>
      </file>
    </package>
    <package name="src.pages.questions">
      <metrics statements="11" coveredstatements="11" conditionals="0" coveredconditionals="0" methods="7" coveredmethods="7"/>
      <file name="dataQuestions.ts" path="/Users/yuliasivakova/Documents/front/RS/eCommApp/src/pages/questions/dataQuestions.ts">
        <metrics statements="1" coveredstatements="1" conditionals="0" coveredconditionals="0" methods="0" coveredmethods="0"/>
        <line num="1" count="3" type="stmt"/>
      </file>
      <file name="questions-img.tsx" path="/Users/yuliasivakova/Documents/front/RS/eCommApp/src/pages/questions/questions-img.tsx">
        <metrics statements="1" coveredstatements="1" conditionals="0" coveredconditionals="0" methods="1" coveredmethods="1"/>
        <line num="4" count="3" type="stmt"/>
      </file>
      <file name="questionsCard.tsx" path="/Users/yuliasivakova/Documents/front/RS/eCommApp/src/pages/questions/questionsCard.tsx">
        <metrics statements="1" coveredstatements="1" conditionals="0" coveredconditionals="0" methods="1" coveredmethods="1"/>
        <line num="9" count="12" type="stmt"/>
      </file>
      <file name="questions_page.tsx" path="/Users/yuliasivakova/Documents/front/RS/eCommApp/src/pages/questions/questions_page.tsx">
        <metrics statements="8" coveredstatements="8" conditionals="0" coveredconditionals="0" methods="5" coveredmethods="5"/>
        <line num="8" count="3" type="stmt"/>
        <line num="11" count="3" type="stmt"/>
        <line num="34" count="3" type="stmt"/>
        <line num="43" count="3" type="stmt"/>
        <line num="44" count="3" type="stmt"/>
        <line num="55" count="3" type="stmt"/>
        <line num="56" count="12" type="stmt"/>
        <line num="58" count="3" type="stmt"/>
      </file>
    </package>
    <package name="src.pages.registration">
      <metrics statements="3" coveredstatements="3" conditionals="0" coveredconditionals="0" methods="2" coveredmethods="2"/>
      <file name="registration_page.tsx" path="/Users/yuliasivakova/Documents/front/RS/eCommApp/src/pages/registration/registration_page.tsx">
        <metrics statements="3" coveredstatements="3" conditionals="0" coveredconditionals="0" methods="2" coveredmethods="2"/>
        <line num="9" count="3" type="stmt"/>
        <line num="12" count="3" type="stmt"/>
        <line num="46" count="3" type="stmt"/>
      </file>
    </package>
    <package name="src.pages.shipping">
      <metrics statements="8" coveredstatements="8" conditionals="2" coveredconditionals="2" methods="5" coveredmethods="5"/>
      <file name="dataShipping.ts" path="/Users/yuliasivakova/Documents/front/RS/eCommApp/src/pages/shipping/dataShipping.ts">
        <metrics statements="1" coveredstatements="1" conditionals="0" coveredconditionals="0" methods="0" coveredmethods="0"/>
        <line num="1" count="3" type="stmt"/>
      </file>
      <file name="shipping-img.tsx" path="/Users/yuliasivakova/Documents/front/RS/eCommApp/src/pages/shipping/shipping-img.tsx">
        <metrics statements="1" coveredstatements="1" conditionals="0" coveredconditionals="0" methods="1" coveredmethods="1"/>
        <line num="4" count="3" type="stmt"/>
      </file>
      <file name="shipping_page.tsx" path="/Users/yuliasivakova/Documents/front/RS/eCommApp/src/pages/shipping/shipping_page.tsx">
        <metrics statements="6" coveredstatements="6" conditionals="2" coveredconditionals="2" methods="4" coveredmethods="4"/>
        <line num="7" count="3" type="stmt"/>
        <line num="10" count="3" type="stmt"/>
        <line num="33" count="3" type="stmt"/>
        <line num="53" count="3" type="stmt"/>
        <line num="54" count="9" type="stmt"/>
        <line num="63" count="3" type="stmt"/>
      </file>
    </package>
    <package name="src.pages.workshops">
      <metrics statements="20" coveredstatements="20" conditionals="4" coveredconditionals="3" methods="10" coveredmethods="10"/>
      <file name="cardWorkshops.tsx" path="/Users/yuliasivakova/Documents/front/RS/eCommApp/src/pages/workshops/cardWorkshops.tsx">
        <metrics statements="3" coveredstatements="3" conditionals="2" coveredconditionals="2" methods="2" coveredmethods="2"/>
        <line num="12" count="18" type="stmt"/>
        <line num="32" count="15" type="stmt"/>
        <line num="33" count="15" type="stmt"/>
      </file>
      <file name="dataWorkshops.ts" path="/Users/yuliasivakova/Documents/front/RS/eCommApp/src/pages/workshops/dataWorkshops.ts">
        <metrics statements="3" coveredstatements="3" conditionals="0" coveredconditionals="0" methods="0" coveredmethods="0"/>
        <line num="1" count="3" type="stmt"/>
        <line num="6" count="3" type="stmt"/>
        <line num="33" count="3" type="stmt"/>
      </file>
      <file name="tabsWorkshops.tsx" path="/Users/yuliasivakova/Documents/front/RS/eCommApp/src/pages/workshops/tabsWorkshops.tsx">
        <metrics statements="11" coveredstatements="11" conditionals="2" coveredconditionals="1" methods="6" coveredmethods="6"/>
        <line num="11" count="6" type="stmt"/>
        <line num="13" count="6" type="stmt"/>
        <line num="14" count="1" type="cond" truecount="1" falsecount="1"/>
        <line num="15" count="1" type="stmt"/>
        <line num="19" count="6" type="stmt"/>
        <line num="40" count="5" type="stmt"/>
        <line num="41" count="15" type="stmt"/>
        <line num="50" count="5" type="stmt"/>
        <line num="54" count="1" type="stmt"/>
        <line num="55" count="3" type="stmt"/>
        <line num="63" count="1" type="stmt"/>
      </file>
      <file name="workshops_page.tsx" path="/Users/yuliasivakova/Documents/front/RS/eCommApp/src/pages/workshops/workshops_page.tsx">
        <metrics statements="3" coveredstatements="3" conditionals="0" coveredconditionals="0" methods="2" coveredmethods="2"/>
        <line num="7" count="3" type="stmt"/>
        <line num="10" count="5" type="stmt"/>
        <line num="32" count="5" type="stmt"/>
      </file>
    </package>
    <package name="src.services">
      <metrics statements="12" coveredstatements="1" conditionals="3" coveredconditionals="0" methods="3" coveredmethods="1"/>
      <file name="createCustomer.ts" path="/Users/yuliasivakova/Documents/front/RS/eCommApp/src/services/createCustomer.ts">
        <metrics statements="7" coveredstatements="0" conditionals="3" coveredconditionals="0" methods="1" coveredmethods="0"/>
        <line num="4" count="0" type="stmt"/>
        <line num="5" count="0" type="stmt"/>
        <line num="6" count="0" type="stmt"/>
        <line num="17" count="0" type="stmt"/>
        <line num="18" count="0" type="cond" truecount="0" falsecount="2"/>
        <line num="19" count="0" type="stmt"/>
        <line num="21" count="0" type="stmt"/>
      </file>
      <file name="getAdminBearerToken.ts" path="/Users/yuliasivakova/Documents/front/RS/eCommApp/src/services/getAdminBearerToken.ts">
        <metrics statements="4" coveredstatements="0" conditionals="0" coveredconditionals="0" methods="1" coveredmethods="0"/>
        <line num="2" count="0" type="stmt"/>
        <line num="3" count="0" type="stmt"/>
        <line num="14" count="0" type="stmt"/>
        <line num="15" count="0" type="stmt"/>
      </file>
      <file name="routing.tsx" path="/Users/yuliasivakova/Documents/front/RS/eCommApp/src/services/routing.tsx">
        <metrics statements="1" coveredstatements="1" conditionals="0" coveredconditionals="0" methods="1" coveredmethods="1"/>
        <line num="17" count="12" type="stmt"/>
      </file>
    </package>
    <package name="src.utils">
      <metrics statements="7" coveredstatements="7" conditionals="0" coveredconditionals="0" methods="1" coveredmethods="1"/>
      <file name="calcDateXYearsAgo.ts" path="/Users/yuliasivakova/Documents/front/RS/eCommApp/src/utils/calcDateXYearsAgo.ts">
        <metrics statements="1" coveredstatements="1" conditionals="0" coveredconditionals="0" methods="1" coveredmethods="1"/>
        <line num="2" count="4" type="stmt"/>
      </file>
      <file name="regexToValidate.ts" path="/Users/yuliasivakova/Documents/front/RS/eCommApp/src/utils/regexToValidate.ts">
        <metrics statements="6" coveredstatements="6" conditionals="0" coveredconditionals="0" methods="0" coveredmethods="0"/>
        <line num="2" count="4" type="stmt"/>
        <line num="4" count="4" type="stmt"/>
        <line num="7" count="4" type="stmt"/>
        <line num="9" count="4" type="stmt"/>
        <line num="11" count="4" type="stmt"/>
        <line num="13" count="4" type="stmt"/>
      </file>
    </package>
  </project>
</coverage>
