{"/Users/yuliasivakova/Documents/front/RS/eCommApp/src/App.tsx": {"path":"/Users/yuliasivakova/Documents/front/RS/eCommApp/src/App.tsx","statementMap":{"0":{"start":{"line":7,"column":20},"end":{"line":7,"column":45}},"1":{"start":{"line":10,"column":2},"end":{"line":28,"column":4}}},"fnMap":{"0":{"name":"App","decl":{"start":{"line":9,"column":9},"end":{"line":9,"column":12}},"loc":{"start":{"line":9,"column":15},"end":{"line":29,"column":1}},"line":9}},"branchMap":{},"s":{"0":2,"1":12},"f":{"0":12},"b":{},"_coverageSchema":"1a1c01bbd47fc00a2c39e90264f33305004495a9","hash":"4f8de684bca211c988aee3453003c6107dea470b"}
,"/Users/yuliasivakova/Documents/front/RS/eCommApp/src/assets/theme1.tsx": {"path":"/Users/yuliasivakova/Documents/front/RS/eCommApp/src/assets/theme1.tsx","statementMap":{"0":{"start":{"line":3,"column":42},"end":{"line":24,"column":1}}},"fnMap":{},"branchMap":{},"s":{"0":15},"f":{},"b":{},"_coverageSchema":"1a1c01bbd47fc00a2c39e90264f33305004495a9","hash":"c20f06c9a377314c7835c6e238ddfb21d8d7e6e7"}
,"/Users/yuliasivakova/Documents/front/RS/eCommApp/src/components/footer/footer.tsx": {"path":"/Users/yuliasivakova/Documents/front/RS/eCommApp/src/components/footer/footer.tsx","statementMap":{"0":{"start":{"line":9,"column":20},"end":{"line":9,"column":45}},"1":{"start":{"line":12,"column":2},"end":{"line":22,"column":4}},"2":{"start":{"line":26,"column":2},"end":{"line":70,"column":4}}},"fnMap":{"0":{"name":"Copyright","decl":{"start":{"line":11,"column":9},"end":{"line":11,"column":18}},"loc":{"start":{"line":11,"column":21},"end":{"line":23,"column":1}},"line":11},"1":{"name":"Footer","decl":{"start":{"line":25,"column":24},"end":{"line":25,"column":30}},"loc":{"start":{"line":25,"column":33},"end":{"line":71,"column":1}},"line":25}},"branchMap":{},"s":{"0":3,"1":13,"2":13},"f":{"0":13,"1":13},"b":{},"_coverageSchema":"1a1c01bbd47fc00a2c39e90264f33305004495a9","hash":"20b2399562e45bb957694d8be4a01b2e315b46ab"}
,"/Users/yuliasivakova/Documents/front/RS/eCommApp/src/components/header/header-nav.tsx": {"path":"/Users/yuliasivakova/Documents/front/RS/eCommApp/src/components/header/header-nav.tsx","statementMap":{"0":{"start":{"line":8,"column":20},"end":{"line":8,"column":45}},"1":{"start":{"line":11,"column":2},"end":{"line":40,"column":4}}},"fnMap":{"0":{"name":"HeaderNavPages","decl":{"start":{"line":10,"column":24},"end":{"line":10,"column":38}},"loc":{"start":{"line":10,"column":41},"end":{"line":41,"column":1}},"line":10}},"branchMap":{},"s":{"0":3,"1":13},"f":{"0":13},"b":{},"_coverageSchema":"1a1c01bbd47fc00a2c39e90264f33305004495a9","hash":"9e49c4981502113b0ea9089a440c670b24ad0a18"}
,"/Users/yuliasivakova/Documents/front/RS/eCommApp/src/components/header/header.tsx": {"path":"/Users/yuliasivakova/Documents/front/RS/eCommApp/src/components/header/header.tsx","statementMap":{"0":{"start":{"line":12,"column":20},"end":{"line":12,"column":45}},"1":{"start":{"line":15,"column":2},"end":{"line":43,"column":4}},"2":{"start":{"line":47,"column":2},"end":{"line":75,"column":4}},"3":{"start":{"line":79,"column":19},"end":{"line":79,"column":32}},"4":{"start":{"line":81,"column":17},"end":{"line":84,"column":3}},"5":{"start":{"line":82,"column":4},"end":{"line":82,"column":53}},"6":{"start":{"line":83,"column":4},"end":{"line":83,"column":24}},"7":{"start":{"line":86,"column":2},"end":{"line":120,"column":4}},"8":{"start":{"line":96,"column":53},"end":{"line":96,"column":61}},"9":{"start":{"line":124,"column":2},"end":{"line":135,"column":4}}},"fnMap":{"0":{"name":"Header","decl":{"start":{"line":14,"column":24},"end":{"line":14,"column":30}},"loc":{"start":{"line":14,"column":33},"end":{"line":44,"column":1}},"line":14},"1":{"name":"HeaderTitle","decl":{"start":{"line":46,"column":9},"end":{"line":46,"column":20}},"loc":{"start":{"line":46,"column":23},"end":{"line":76,"column":1}},"line":46},"2":{"name":"HeaderNavLinks","decl":{"start":{"line":78,"column":9},"end":{"line":78,"column":23}},"loc":{"start":{"line":78,"column":26},"end":{"line":121,"column":1}},"line":78},"3":{"name":"(anonymous_3)","decl":{"start":{"line":81,"column":17},"end":{"line":81,"column":18}},"loc":{"start":{"line":81,"column":23},"end":{"line":84,"column":3}},"line":81},"4":{"name":"(anonymous_4)","decl":{"start":{"line":96,"column":47},"end":{"line":96,"column":48}},"loc":{"start":{"line":96,"column":53},"end":{"line":96,"column":61}},"line":96},"5":{"name":"HeaderTitleAdditional","decl":{"start":{"line":123,"column":9},"end":{"line":123,"column":30}},"loc":{"start":{"line":123,"column":33},"end":{"line":136,"column":1}},"line":123}},"branchMap":{"0":{"loc":{"start":{"line":95,"column":9},"end":{"line":112,"column":9}},"type":"cond-expr","locations":[{"start":{"line":96,"column":10},"end":{"line":98,"column":19}},{"start":{"line":100,"column":10},"end":{"line":111,"column":13}}],"line":95}},"s":{"0":3,"1":13,"2":13,"3":25,"4":25,"5":0,"6":0,"7":25,"8":0,"9":13},"f":{"0":13,"1":13,"2":25,"3":0,"4":0,"5":13},"b":{"0":[0,25]},"_coverageSchema":"1a1c01bbd47fc00a2c39e90264f33305004495a9","hash":"5f2b7b9e0230d3707c64b6383ff69a5f3722d100"}
,"/Users/yuliasivakova/Documents/front/RS/eCommApp/src/components/login-form/login-form.tsx": {"path":"/Users/yuliasivakova/Documents/front/RS/eCommApp/src/components/login-form/login-form.tsx","statementMap":{"0":{"start":{"line":18,"column":28},"end":{"line":18,"column":48}},"1":{"start":{"line":19,"column":34},"end":{"line":19,"column":54}},"2":{"start":{"line":20,"column":42},"end":{"line":20,"column":66}},"3":{"start":{"line":21,"column":38},"end":{"line":21,"column":58}},"4":{"start":{"line":22,"column":19},"end":{"line":22,"column":32}},"5":{"start":{"line":24,"column":2},"end":{"line":28,"column":9}},"6":{"start":{"line":25,"column":4},"end":{"line":27,"column":5}},"7":{"start":{"line":26,"column":6},"end":{"line":26,"column":26}},"8":{"start":{"line":30,"column":22},"end":{"line":42,"column":3}},"9":{"start":{"line":31,"column":4},"end":{"line":31,"column":23}},"10":{"start":{"line":32,"column":4},"end":{"line":41,"column":5}},"11":{"start":{"line":33,"column":6},"end":{"line":40,"column":9}},"12":{"start":{"line":34,"column":8},"end":{"line":39,"column":9}},"13":{"start":{"line":35,"column":10},"end":{"line":35,"column":42}},"14":{"start":{"line":36,"column":15},"end":{"line":39,"column":9}},"15":{"start":{"line":37,"column":10},"end":{"line":37,"column":79}},"16":{"start":{"line":38,"column":10},"end":{"line":38,"column":30}},"17":{"start":{"line":44,"column":24},"end":{"line":46,"column":3}},"18":{"start":{"line":45,"column":4},"end":{"line":45,"column":60}},"19":{"start":{"line":47,"column":27},"end":{"line":49,"column":3}},"20":{"start":{"line":48,"column":4},"end":{"line":48,"column":56}},"21":{"start":{"line":51,"column":34},"end":{"line":51,"column":72}},"22":{"start":{"line":51,"column":40},"end":{"line":51,"column":72}},"23":{"start":{"line":51,"column":66},"end":{"line":51,"column":71}},"24":{"start":{"line":53,"column":34},"end":{"line":55,"column":3}},"25":{"start":{"line":54,"column":4},"end":{"line":54,"column":27}},"26":{"start":{"line":57,"column":2},"end":{"line":115,"column":4}},"27":{"start":{"line":71,"column":12},"end":{"line":71,"column":51}},"28":{"start":{"line":72,"column":12},"end":{"line":72,"column":41}},"29":{"start":{"line":86,"column":12},"end":{"line":86,"column":51}},"30":{"start":{"line":87,"column":12},"end":{"line":87,"column":44}},"31":{"start":{"line":105,"column":52},"end":{"line":105,"column":66}}},"fnMap":{"0":{"name":"LoginForm","decl":{"start":{"line":17,"column":24},"end":{"line":17,"column":33}},"loc":{"start":{"line":17,"column":36},"end":{"line":116,"column":1}},"line":17},"1":{"name":"(anonymous_1)","decl":{"start":{"line":24,"column":12},"end":{"line":24,"column":13}},"loc":{"start":{"line":24,"column":18},"end":{"line":28,"column":3}},"line":24},"2":{"name":"(anonymous_2)","decl":{"start":{"line":30,"column":22},"end":{"line":30,"column":23}},"loc":{"start":{"line":30,"column":84},"end":{"line":42,"column":3}},"line":30},"3":{"name":"(anonymous_3)","decl":{"start":{"line":33,"column":38},"end":{"line":33,"column":39}},"loc":{"start":{"line":33,"column":52},"end":{"line":40,"column":7}},"line":33},"4":{"name":"(anonymous_4)","decl":{"start":{"line":44,"column":24},"end":{"line":44,"column":25}},"loc":{"start":{"line":44,"column":42},"end":{"line":46,"column":3}},"line":44},"5":{"name":"(anonymous_5)","decl":{"start":{"line":47,"column":27},"end":{"line":47,"column":28}},"loc":{"start":{"line":47,"column":55},"end":{"line":49,"column":3}},"line":47},"6":{"name":"(anonymous_6)","decl":{"start":{"line":51,"column":34},"end":{"line":51,"column":35}},"loc":{"start":{"line":51,"column":40},"end":{"line":51,"column":72}},"line":51},"7":{"name":"(anonymous_7)","decl":{"start":{"line":51,"column":56},"end":{"line":51,"column":57}},"loc":{"start":{"line":51,"column":66},"end":{"line":51,"column":71}},"line":51},"8":{"name":"(anonymous_8)","decl":{"start":{"line":53,"column":34},"end":{"line":53,"column":35}},"loc":{"start":{"line":53,"column":82},"end":{"line":55,"column":3}},"line":53},"9":{"name":"(anonymous_9)","decl":{"start":{"line":70,"column":20},"end":{"line":70,"column":21}},"loc":{"start":{"line":70,"column":68},"end":{"line":73,"column":11}},"line":70},"10":{"name":"(anonymous_10)","decl":{"start":{"line":85,"column":20},"end":{"line":85,"column":21}},"loc":{"start":{"line":85,"column":68},"end":{"line":88,"column":11}},"line":85},"11":{"name":"(anonymous_11)","decl":{"start":{"line":105,"column":45},"end":{"line":105,"column":46}},"loc":{"start":{"line":105,"column":52},"end":{"line":105,"column":66}},"line":105}},"branchMap":{"0":{"loc":{"start":{"line":25,"column":4},"end":{"line":27,"column":5}},"type":"if","locations":[{"start":{"line":25,"column":4},"end":{"line":27,"column":5}},{"start":{},"end":{}}],"line":25},"1":{"loc":{"start":{"line":32,"column":4},"end":{"line":41,"column":5}},"type":"if","locations":[{"start":{"line":32,"column":4},"end":{"line":41,"column":5}},{"start":{},"end":{}}],"line":32},"2":{"loc":{"start":{"line":32,"column":8},"end":{"line":32,"column":58}},"type":"binary-expr","locations":[{"start":{"line":32,"column":8},"end":{"line":32,"column":28}},{"start":{"line":32,"column":32},"end":{"line":32,"column":58}}],"line":32},"3":{"loc":{"start":{"line":34,"column":8},"end":{"line":39,"column":9}},"type":"if","locations":[{"start":{"line":34,"column":8},"end":{"line":39,"column":9}},{"start":{"line":36,"column":15},"end":{"line":39,"column":9}}],"line":34},"4":{"loc":{"start":{"line":36,"column":15},"end":{"line":39,"column":9}},"type":"if","locations":[{"start":{"line":36,"column":15},"end":{"line":39,"column":9}},{"start":{},"end":{}}],"line":36},"5":{"loc":{"start":{"line":66,"column":17},"end":{"line":66,"column":54}},"type":"binary-expr","locations":[{"start":{"line":66,"column":17},"end":{"line":66,"column":29}},{"start":{"line":66,"column":33},"end":{"line":66,"column":54}}],"line":66},"6":{"loc":{"start":{"line":71,"column":12},"end":{"line":71,"column":50}},"type":"binary-expr","locations":[{"start":{"line":71,"column":12},"end":{"line":71,"column":29}},{"start":{"line":71,"column":33},"end":{"line":71,"column":50}}],"line":71},"7":{"loc":{"start":{"line":74,"column":22},"end":{"line":74,"column":90}},"type":"binary-expr","locations":[{"start":{"line":74,"column":22},"end":{"line":74,"column":34}},{"start":{"line":74,"column":38},"end":{"line":74,"column":59}},{"start":{"line":74,"column":63},"end":{"line":74,"column":90}}],"line":74},"8":{"loc":{"start":{"line":77,"column":17},"end":{"line":77,"column":63}},"type":"binary-expr","locations":[{"start":{"line":77,"column":17},"end":{"line":77,"column":32}},{"start":{"line":77,"column":36},"end":{"line":77,"column":63}}],"line":77},"9":{"loc":{"start":{"line":79,"column":16},"end":{"line":79,"column":50}},"type":"cond-expr","locations":[{"start":{"line":79,"column":31},"end":{"line":79,"column":37}},{"start":{"line":79,"column":40},"end":{"line":79,"column":50}}],"line":79},"10":{"loc":{"start":{"line":83,"column":12},"end":{"line":83,"column":92}},"type":"binary-expr","locations":[{"start":{"line":83,"column":12},"end":{"line":83,"column":27}},{"start":{"line":83,"column":31},"end":{"line":83,"column":58}},{"start":{"line":83,"column":62},"end":{"line":83,"column":92}}],"line":83},"11":{"loc":{"start":{"line":86,"column":12},"end":{"line":86,"column":50}},"type":"binary-expr","locations":[{"start":{"line":86,"column":12},"end":{"line":86,"column":29}},{"start":{"line":86,"column":33},"end":{"line":86,"column":50}}],"line":86},"12":{"loc":{"start":{"line":98,"column":19},"end":{"line":98,"column":68}},"type":"cond-expr","locations":[{"start":{"line":98,"column":34},"end":{"line":98,"column":51}},{"start":{"line":98,"column":54},"end":{"line":98,"column":68}}],"line":98},"13":{"loc":{"start":{"line":108,"column":9},"end":{"line":112,"column":9}},"type":"binary-expr","locations":[{"start":{"line":108,"column":9},"end":{"line":108,"column":26}},{"start":{"line":109,"column":10},"end":{"line":111,"column":23}}],"line":108}},"s":{"0":4,"1":4,"2":4,"3":4,"4":4,"5":4,"6":4,"7":0,"8":4,"9":0,"10":0,"11":0,"12":0,"13":0,"14":0,"15":0,"16":0,"17":4,"18":0,"19":4,"20":0,"21":4,"22":0,"23":0,"24":4,"25":0,"26":4,"27":0,"28":0,"29":0,"30":0,"31":0},"f":{"0":4,"1":4,"2":0,"3":0,"4":0,"5":0,"6":0,"7":0,"8":0,"9":0,"10":0,"11":0},"b":{"0":[0,4],"1":[0,0],"2":[0,0],"3":[0,0],"4":[0,0],"5":[4,0],"6":[0,0],"7":[4,0,0],"8":[4,0],"9":[0,4],"10":[4,0,0],"11":[0,0],"12":[0,4],"13":[4,0]},"_coverageSchema":"1a1c01bbd47fc00a2c39e90264f33305004495a9","hash":"f7d5e7ff0b4c62eba21f39124095ce0a4c5f15d1"}
,"/Users/yuliasivakova/Documents/front/RS/eCommApp/src/components/login-form/login-request.ts": {"path":"/Users/yuliasivakova/Documents/front/RS/eCommApp/src/components/login-form/login-request.ts","statementMap":{"0":{"start":{"line":4,"column":31},"end":{"line":8,"column":3}},"1":{"start":{"line":10,"column":29},"end":{"line":10,"column":31}},"2":{"start":{"line":11,"column":2},"end":{"line":15,"column":3}},"3":{"start":{"line":12,"column":23},"end":{"line":12,"column":51}},"4":{"start":{"line":13,"column":25},"end":{"line":13,"column":86}},"5":{"start":{"line":14,"column":4},"end":{"line":14,"column":51}},"6":{"start":{"line":16,"column":2},"end":{"line":16,"column":28}},"7":{"start":{"line":20,"column":19},"end":{"line":31,"column":3}},"8":{"start":{"line":32,"column":15},"end":{"line":32,"column":36}},"9":{"start":{"line":33,"column":2},"end":{"line":33,"column":14}}},"fnMap":{"0":{"name":"encodeLoginRequestBody","decl":{"start":{"line":3,"column":9},"end":{"line":3,"column":31}},"loc":{"start":{"line":3,"column":77},"end":{"line":17,"column":1}},"line":3},"1":{"name":"loginUser","decl":{"start":{"line":19,"column":22},"end":{"line":19,"column":31}},"loc":{"start":{"line":19,"column":77},"end":{"line":34,"column":1}},"line":19}},"branchMap":{},"s":{"0":0,"1":0,"2":0,"3":0,"4":0,"5":0,"6":0,"7":0,"8":0,"9":0},"f":{"0":0,"1":0},"b":{},"_coverageSchema":"1a1c01bbd47fc00a2c39e90264f33305004495a9","hash":"2639002bf17f6aeeee9964d0556bbee8a8750eb0"}
,"/Users/yuliasivakova/Documents/front/RS/eCommApp/src/components/registration-form/registration-form.tsx": {"path":"/Users/yuliasivakova/Documents/front/RS/eCommApp/src/components/registration-form/registration-form.tsx","statementMap":{"0":{"start":{"line":30,"column":6},"end":{"line":34,"column":4}},"1":{"start":{"line":36,"column":26},"end":{"line":36,"column":38}},"2":{"start":{"line":37,"column":23},"end":{"line":37,"column":35}},"3":{"start":{"line":39,"column":19},"end":{"line":39,"column":32}},"4":{"start":{"line":41,"column":23},"end":{"line":43,"column":3}},"5":{"start":{"line":42,"column":4},"end":{"line":42,"column":35}},"6":{"start":{"line":45,"column":46},"end":{"line":45,"column":58}},"7":{"start":{"line":47,"column":2},"end":{"line":51,"column":9}},"8":{"start":{"line":48,"column":4},"end":{"line":50,"column":5}},"9":{"start":{"line":49,"column":6},"end":{"line":49,"column":26}},"10":{"start":{"line":53,"column":46},"end":{"line":86,"column":3}},"11":{"start":{"line":55,"column":4},"end":{"line":85,"column":5}},"12":{"start":{"line":56,"column":6},"end":{"line":63,"column":8}},"13":{"start":{"line":65,"column":6},"end":{"line":68,"column":7}},"14":{"start":{"line":66,"column":8},"end":{"line":66,"column":49}},"15":{"start":{"line":67,"column":8},"end":{"line":67,"column":50}},"16":{"start":{"line":69,"column":6},"end":{"line":72,"column":7}},"17":{"start":{"line":70,"column":8},"end":{"line":70,"column":47}},"18":{"start":{"line":71,"column":8},"end":{"line":71,"column":48}},"19":{"start":{"line":74,"column":6},"end":{"line":74,"column":30}},"20":{"start":{"line":76,"column":6},"end":{"line":82,"column":9}},"21":{"start":{"line":77,"column":8},"end":{"line":77,"column":34}},"22":{"start":{"line":78,"column":8},"end":{"line":81,"column":11}},"23":{"start":{"line":79,"column":10},"end":{"line":79,"column":79}},"24":{"start":{"line":80,"column":10},"end":{"line":80,"column":30}},"25":{"start":{"line":88,"column":2},"end":{"line":249,"column":4}}},"fnMap":{"0":{"name":"Form1","decl":{"start":{"line":25,"column":24},"end":{"line":25,"column":29}},"loc":{"start":{"line":25,"column":32},"end":{"line":250,"column":1}},"line":25},"1":{"name":"(anonymous_1)","decl":{"start":{"line":41,"column":23},"end":{"line":41,"column":24}},"loc":{"start":{"line":41,"column":65},"end":{"line":43,"column":3}},"line":41},"2":{"name":"(anonymous_2)","decl":{"start":{"line":47,"column":12},"end":{"line":47,"column":13}},"loc":{"start":{"line":47,"column":18},"end":{"line":51,"column":3}},"line":47},"3":{"name":"(anonymous_3)","decl":{"start":{"line":53,"column":46},"end":{"line":53,"column":47}},"loc":{"start":{"line":53,"column":62},"end":{"line":86,"column":3}},"line":53},"4":{"name":"(anonymous_4)","decl":{"start":{"line":76,"column":32},"end":{"line":76,"column":33}},"loc":{"start":{"line":76,"column":44},"end":{"line":82,"column":7}},"line":76},"5":{"name":"(anonymous_5)","decl":{"start":{"line":78,"column":50},"end":{"line":78,"column":51}},"loc":{"start":{"line":78,"column":64},"end":{"line":81,"column":9}},"line":78}},"branchMap":{"0":{"loc":{"start":{"line":48,"column":4},"end":{"line":50,"column":5}},"type":"if","locations":[{"start":{"line":48,"column":4},"end":{"line":50,"column":5}},{"start":{},"end":{}}],"line":48},"1":{"loc":{"start":{"line":65,"column":6},"end":{"line":68,"column":7}},"type":"if","locations":[{"start":{"line":65,"column":6},"end":{"line":68,"column":7}},{"start":{},"end":{}}],"line":65},"2":{"loc":{"start":{"line":69,"column":6},"end":{"line":72,"column":7}},"type":"if","locations":[{"start":{"line":69,"column":6},"end":{"line":72,"column":7}},{"start":{},"end":{}}],"line":69}},"s":{"0":4,"1":4,"2":4,"3":4,"4":4,"5":0,"6":4,"7":4,"8":3,"9":0,"10":4,"11":0,"12":0,"13":0,"14":0,"15":0,"16":0,"17":0,"18":0,"19":0,"20":0,"21":0,"22":0,"23":0,"24":0,"25":4},"f":{"0":4,"1":0,"2":3,"3":0,"4":0,"5":0},"b":{"0":[0,3],"1":[0,0],"2":[0,0]},"_coverageSchema":"1a1c01bbd47fc00a2c39e90264f33305004495a9","hash":"601a8d13746aa9dbd9d6337a8aaf5bef1ec3ed8d"}
,"/Users/yuliasivakova/Documents/front/RS/eCommApp/src/data/PATH.ts": {"path":"/Users/yuliasivakova/Documents/front/RS/eCommApp/src/data/PATH.ts","statementMap":{"0":{"start":{"line":1,"column":20},"end":{"line":14,"column":1}}},"fnMap":{},"branchMap":{},"s":{"0":6},"f":{},"b":{},"_coverageSchema":"1a1c01bbd47fc00a2c39e90264f33305004495a9","hash":"452134e94767bb5488a663a42163e9a522d1b77d"}
,"/Users/yuliasivakova/Documents/front/RS/eCommApp/src/data/TITLES.ts": {"path":"/Users/yuliasivakova/Documents/front/RS/eCommApp/src/data/TITLES.ts","statementMap":{"0":{"start":{"line":1,"column":29},"end":{"line":4,"column":1}},"1":{"start":{"line":6,"column":28},"end":{"line":17,"column":1}}},"fnMap":{},"branchMap":{},"s":{"0":11,"1":11},"f":{},"b":{},"_coverageSchema":"1a1c01bbd47fc00a2c39e90264f33305004495a9","hash":"ace5393b70547f4a3c94836c0a2876598efe2dba"}
,"/Users/yuliasivakova/Documents/front/RS/eCommApp/src/data/pages.ts": {"path":"/Users/yuliasivakova/Documents/front/RS/eCommApp/src/data/pages.ts","statementMap":{"0":{"start":{"line":1,"column":33},"end":{"line":9,"column":1}}},"fnMap":{},"branchMap":{},"s":{"0":3},"f":{},"b":{},"_coverageSchema":"1a1c01bbd47fc00a2c39e90264f33305004495a9","hash":"29da65643c3d9e498dbd5800f1093f3abbeac9ed"}
,"/Users/yuliasivakova/Documents/front/RS/eCommApp/src/pages/about/about.tsx": {"path":"/Users/yuliasivakova/Documents/front/RS/eCommApp/src/pages/about/about.tsx","statementMap":{"0":{"start":{"line":4,"column":20},"end":{"line":4,"column":45}},"1":{"start":{"line":7,"column":2},"end":{"line":29,"column":4}}},"fnMap":{"0":{"name":"About","decl":{"start":{"line":6,"column":24},"end":{"line":6,"column":29}},"loc":{"start":{"line":6,"column":32},"end":{"line":30,"column":1}},"line":6}},"branchMap":{},"s":{"0":3,"1":3},"f":{"0":3},"b":{},"_coverageSchema":"1a1c01bbd47fc00a2c39e90264f33305004495a9","hash":"f9552b4317bb29547cbba6e9bfa1a3018d052dbe"}
,"/Users/yuliasivakova/Documents/front/RS/eCommApp/src/pages/basket/basket_page.tsx": {"path":"/Users/yuliasivakova/Documents/front/RS/eCommApp/src/pages/basket/basket_page.tsx","statementMap":{"0":{"start":{"line":5,"column":20},"end":{"line":5,"column":45}},"1":{"start":{"line":8,"column":2},"end":{"line":26,"column":4}}},"fnMap":{"0":{"name":"BasketPage","decl":{"start":{"line":7,"column":16},"end":{"line":7,"column":26}},"loc":{"start":{"line":7,"column":29},"end":{"line":27,"column":1}},"line":7}},"branchMap":{},"s":{"0":3,"1":3},"f":{"0":3},"b":{},"_coverageSchema":"1a1c01bbd47fc00a2c39e90264f33305004495a9","hash":"68d3d0bf9599e3f3aebd03818bf4e91bb5469680"}
,"/Users/yuliasivakova/Documents/front/RS/eCommApp/src/pages/contacts/contacts-img.tsx": {"path":"/Users/yuliasivakova/Documents/front/RS/eCommApp/src/pages/contacts/contacts-img.tsx","statementMap":{"0":{"start":{"line":4,"column":2},"end":{"line":12,"column":4}}},"fnMap":{"0":{"name":"ContactsImage","decl":{"start":{"line":3,"column":24},"end":{"line":3,"column":37}},"loc":{"start":{"line":3,"column":40},"end":{"line":13,"column":1}},"line":3}},"branchMap":{},"s":{"0":2},"f":{"0":2},"b":{},"_coverageSchema":"1a1c01bbd47fc00a2c39e90264f33305004495a9","hash":"3a10d5419d6d01ae79bae3fdf605888b992d0e91"}
,"/Users/yuliasivakova/Documents/front/RS/eCommApp/src/pages/contacts/contacts_page.tsx": {"path":"/Users/yuliasivakova/Documents/front/RS/eCommApp/src/pages/contacts/contacts_page.tsx","statementMap":{"0":{"start":{"line":14,"column":20},"end":{"line":14,"column":45}},"1":{"start":{"line":17,"column":2},"end":{"line":40,"column":4}},"2":{"start":{"line":44,"column":2},"end":{"line":59,"column":4}},"3":{"start":{"line":63,"column":15},"end":{"line":73,"column":4}},"4":{"start":{"line":64,"column":4},"end":{"line":72,"column":13}},"5":{"start":{"line":75,"column":2},"end":{"line":75,"column":53}}},"fnMap":{"0":{"name":"ContactsPage","decl":{"start":{"line":16,"column":16},"end":{"line":16,"column":28}},"loc":{"start":{"line":16,"column":31},"end":{"line":41,"column":1}},"line":16},"1":{"name":"ContactsContent","decl":{"start":{"line":43,"column":9},"end":{"line":43,"column":24}},"loc":{"start":{"line":43,"column":27},"end":{"line":60,"column":1}},"line":43},"2":{"name":"ContactsInfo","decl":{"start":{"line":62,"column":9},"end":{"line":62,"column":21}},"loc":{"start":{"line":62,"column":24},"end":{"line":76,"column":1}},"line":62},"3":{"name":"(anonymous_3)","decl":{"start":{"line":63,"column":33},"end":{"line":63,"column":34}},"loc":{"start":{"line":64,"column":4},"end":{"line":72,"column":13}},"line":64}},"branchMap":{"0":{"loc":{"start":{"line":66,"column":9},"end":{"line":66,"column":58}},"type":"binary-expr","locations":[{"start":{"line":66,"column":9},"end":{"line":66,"column":21}},{"start":{"line":66,"column":25},"end":{"line":66,"column":58}}],"line":66},"1":{"loc":{"start":{"line":67,"column":9},"end":{"line":67,"column":50}},"type":"binary-expr","locations":[{"start":{"line":67,"column":9},"end":{"line":67,"column":19}},{"start":{"line":67,"column":23},"end":{"line":67,"column":50}}],"line":67},"2":{"loc":{"start":{"line":68,"column":9},"end":{"line":68,"column":50}},"type":"binary-expr","locations":[{"start":{"line":68,"column":9},"end":{"line":68,"column":18}},{"start":{"line":68,"column":22},"end":{"line":68,"column":50}}],"line":68},"3":{"loc":{"start":{"line":69,"column":9},"end":{"line":69,"column":59}},"type":"binary-expr","locations":[{"start":{"line":69,"column":9},"end":{"line":69,"column":23}},{"start":{"line":69,"column":27},"end":{"line":69,"column":59}}],"line":69}},"s":{"0":3,"1":2,"2":2,"3":2,"4":8,"5":2},"f":{"0":2,"1":2,"2":2,"3":8},"b":{"0":[8,2],"1":[8,2],"2":[8,2],"3":[8,2]},"_coverageSchema":"1a1c01bbd47fc00a2c39e90264f33305004495a9","hash":"b5922eab0d6fe07de73471ce50cbe12bc0eaf9a6"}
,"/Users/yuliasivakova/Documents/front/RS/eCommApp/src/pages/contacts/dataContacts.ts": {"path":"/Users/yuliasivakova/Documents/front/RS/eCommApp/src/pages/contacts/dataContacts.ts","statementMap":{"0":{"start":{"line":1,"column":29},"end":{"line":18,"column":1}},"1":{"start":{"line":20,"column":29},"end":{"line":20,"column":71}}},"fnMap":{},"branchMap":{},"s":{"0":3,"1":3},"f":{},"b":{},"_coverageSchema":"1a1c01bbd47fc00a2c39e90264f33305004495a9","hash":"5c60fa7f28e48ca5421289f011078738140fae65"}
,"/Users/yuliasivakova/Documents/front/RS/eCommApp/src/pages/guarantee/dataGuarantee.ts": {"path":"/Users/yuliasivakova/Documents/front/RS/eCommApp/src/pages/guarantee/dataGuarantee.ts","statementMap":{"0":{"start":{"line":1,"column":30},"end":{"line":24,"column":1}}},"fnMap":{},"branchMap":{},"s":{"0":3},"f":{},"b":{},"_coverageSchema":"1a1c01bbd47fc00a2c39e90264f33305004495a9","hash":"35c9748b64013dd08aeeb15c0a94527a2bf2e620"}
,"/Users/yuliasivakova/Documents/front/RS/eCommApp/src/pages/guarantee/guarantee-img.tsx": {"path":"/Users/yuliasivakova/Documents/front/RS/eCommApp/src/pages/guarantee/guarantee-img.tsx","statementMap":{"0":{"start":{"line":4,"column":2},"end":{"line":12,"column":4}}},"fnMap":{"0":{"name":"GuaranteeImage","decl":{"start":{"line":3,"column":24},"end":{"line":3,"column":38}},"loc":{"start":{"line":3,"column":41},"end":{"line":13,"column":1}},"line":3}},"branchMap":{},"s":{"0":3},"f":{"0":3},"b":{},"_coverageSchema":"1a1c01bbd47fc00a2c39e90264f33305004495a9","hash":"18bb068cc7209a59e306258cb8dd71387c9d8462"}
,"/Users/yuliasivakova/Documents/front/RS/eCommApp/src/pages/guarantee/guarantee_page.tsx": {"path":"/Users/yuliasivakova/Documents/front/RS/eCommApp/src/pages/guarantee/guarantee_page.tsx","statementMap":{"0":{"start":{"line":7,"column":20},"end":{"line":7,"column":45}},"1":{"start":{"line":10,"column":2},"end":{"line":29,"column":4}},"2":{"start":{"line":33,"column":2},"end":{"line":49,"column":4}},"3":{"start":{"line":53,"column":15},"end":{"line":61,"column":4}},"4":{"start":{"line":54,"column":4},"end":{"line":60,"column":10}},"5":{"start":{"line":63,"column":2},"end":{"line":63,"column":53}}},"fnMap":{"0":{"name":"GuaranteePage","decl":{"start":{"line":9,"column":16},"end":{"line":9,"column":29}},"loc":{"start":{"line":9,"column":32},"end":{"line":30,"column":1}},"line":9},"1":{"name":"GuaranteeContent","decl":{"start":{"line":32,"column":9},"end":{"line":32,"column":25}},"loc":{"start":{"line":32,"column":28},"end":{"line":50,"column":1}},"line":32},"2":{"name":"TextGuarantee","decl":{"start":{"line":52,"column":9},"end":{"line":52,"column":22}},"loc":{"start":{"line":52,"column":25},"end":{"line":64,"column":1}},"line":52},"3":{"name":"(anonymous_3)","decl":{"start":{"line":53,"column":34},"end":{"line":53,"column":35}},"loc":{"start":{"line":54,"column":4},"end":{"line":60,"column":10}},"line":54}},"branchMap":{"0":{"loc":{"start":{"line":57,"column":9},"end":{"line":57,"column":74}},"type":"binary-expr","locations":[{"start":{"line":57,"column":9},"end":{"line":57,"column":20}},{"start":{"line":57,"column":24},"end":{"line":57,"column":74}}],"line":57}},"s":{"0":3,"1":3,"2":3,"3":3,"4":12,"5":3},"f":{"0":3,"1":3,"2":3,"3":12},"b":{"0":[12,9]},"_coverageSchema":"1a1c01bbd47fc00a2c39e90264f33305004495a9","hash":"a94751fbae018b8e24a78590779951ca2371dc2e"}
,"/Users/yuliasivakova/Documents/front/RS/eCommApp/src/pages/login/login_page.tsx": {"path":"/Users/yuliasivakova/Documents/front/RS/eCommApp/src/pages/login/login_page.tsx","statementMap":{"0":{"start":{"line":9,"column":20},"end":{"line":9,"column":45}},"1":{"start":{"line":12,"column":2},"end":{"line":32,"column":4}},"2":{"start":{"line":36,"column":2},"end":{"line":61,"column":4}}},"fnMap":{"0":{"name":"LoginPage","decl":{"start":{"line":11,"column":16},"end":{"line":11,"column":25}},"loc":{"start":{"line":11,"column":28},"end":{"line":33,"column":1}},"line":11},"1":{"name":"RegisterLink","decl":{"start":{"line":35,"column":9},"end":{"line":35,"column":21}},"loc":{"start":{"line":35,"column":24},"end":{"line":62,"column":1}},"line":35}},"branchMap":{},"s":{"0":3,"1":4,"2":4},"f":{"0":4,"1":4},"b":{},"_coverageSchema":"1a1c01bbd47fc00a2c39e90264f33305004495a9","hash":"25ebff3ed84989d31e917e4dad8b0b05ca9cea47"}
,"/Users/yuliasivakova/Documents/front/RS/eCommApp/src/pages/main/main.tsx": {"path":"/Users/yuliasivakova/Documents/front/RS/eCommApp/src/pages/main/main.tsx","statementMap":{"0":{"start":{"line":9,"column":20},"end":{"line":9,"column":45}},"1":{"start":{"line":12,"column":2},"end":{"line":53,"column":4}}},"fnMap":{"0":{"name":"Main","decl":{"start":{"line":11,"column":24},"end":{"line":11,"column":28}},"loc":{"start":{"line":11,"column":31},"end":{"line":54,"column":1}},"line":11}},"branchMap":{},"s":{"0":2,"1":3},"f":{"0":3},"b":{},"_coverageSchema":"1a1c01bbd47fc00a2c39e90264f33305004495a9","hash":"66e7a1ee5b10385a018bcf3482fd477848ea009b"}
,"/Users/yuliasivakova/Documents/front/RS/eCommApp/src/pages/main/main_page-create.tsx": {"path":"/Users/yuliasivakova/Documents/front/RS/eCommApp/src/pages/main/main_page-create.tsx","statementMap":{"0":{"start":{"line":5,"column":20},"end":{"line":5,"column":45}},"1":{"start":{"line":8,"column":2},"end":{"line":23,"column":4}}},"fnMap":{"0":{"name":"MainPage","decl":{"start":{"line":7,"column":9},"end":{"line":7,"column":17}},"loc":{"start":{"line":7,"column":20},"end":{"line":24,"column":1}},"line":7}},"branchMap":{},"s":{"0":2,"1":3},"f":{"0":3},"b":{},"_coverageSchema":"1a1c01bbd47fc00a2c39e90264f33305004495a9","hash":"f75172add5e408c88efca14d4753f40573fc3a05"}
,"/Users/yuliasivakova/Documents/front/RS/eCommApp/src/pages/not-found/not-found-img.tsx": {"path":"/Users/yuliasivakova/Documents/front/RS/eCommApp/src/pages/not-found/not-found-img.tsx","statementMap":{"0":{"start":{"line":4,"column":2},"end":{"line":13,"column":4}}},"fnMap":{"0":{"name":"NotFoundImage","decl":{"start":{"line":3,"column":24},"end":{"line":3,"column":37}},"loc":{"start":{"line":3,"column":40},"end":{"line":14,"column":1}},"line":3}},"branchMap":{},"s":{"0":1},"f":{"0":1},"b":{},"_coverageSchema":"1a1c01bbd47fc00a2c39e90264f33305004495a9","hash":"e40401d4ea928fa015caf50aa01fc8596ae88967"}
,"/Users/yuliasivakova/Documents/front/RS/eCommApp/src/pages/not-found/not-found.tsx": {"path":"/Users/yuliasivakova/Documents/front/RS/eCommApp/src/pages/not-found/not-found.tsx","statementMap":{"0":{"start":{"line":7,"column":20},"end":{"line":7,"column":45}},"1":{"start":{"line":10,"column":2},"end":{"line":44,"column":4}}},"fnMap":{"0":{"name":"NotFoundPage","decl":{"start":{"line":9,"column":16},"end":{"line":9,"column":28}},"loc":{"start":{"line":9,"column":31},"end":{"line":45,"column":1}},"line":9}},"branchMap":{},"s":{"0":3,"1":1},"f":{"0":1},"b":{},"_coverageSchema":"1a1c01bbd47fc00a2c39e90264f33305004495a9","hash":"3a621a29f5d0c8809c99d7fc04104fcd14da4d97"}
,"/Users/yuliasivakova/Documents/front/RS/eCommApp/src/pages/plants/plants_page.tsx": {"path":"/Users/yuliasivakova/Documents/front/RS/eCommApp/src/pages/plants/plants_page.tsx","statementMap":{"0":{"start":{"line":5,"column":20},"end":{"line":5,"column":45}},"1":{"start":{"line":8,"column":2},"end":{"line":26,"column":4}}},"fnMap":{"0":{"name":"PlantsPage","decl":{"start":{"line":7,"column":16},"end":{"line":7,"column":26}},"loc":{"start":{"line":7,"column":29},"end":{"line":27,"column":1}},"line":7}},"branchMap":{},"s":{"0":3,"1":3},"f":{"0":3},"b":{},"_coverageSchema":"1a1c01bbd47fc00a2c39e90264f33305004495a9","hash":"51bedfeed86fe772fc93aeedd5292fc4310e2adf"}
,"/Users/yuliasivakova/Documents/front/RS/eCommApp/src/pages/questions/dataQuestions.ts": {"path":"/Users/yuliasivakova/Documents/front/RS/eCommApp/src/pages/questions/dataQuestions.ts","statementMap":{"0":{"start":{"line":1,"column":25},"end":{"line":22,"column":1}}},"fnMap":{},"branchMap":{},"s":{"0":3},"f":{},"b":{},"_coverageSchema":"1a1c01bbd47fc00a2c39e90264f33305004495a9","hash":"c8181c55b421160b1edcacd992fd68372ec5f1dc"}
,"/Users/yuliasivakova/Documents/front/RS/eCommApp/src/pages/questions/questions-img.tsx": {"path":"/Users/yuliasivakova/Documents/front/RS/eCommApp/src/pages/questions/questions-img.tsx","statementMap":{"0":{"start":{"line":4,"column":2},"end":{"line":14,"column":4}}},"fnMap":{"0":{"name":"QuestionsImage","decl":{"start":{"line":3,"column":24},"end":{"line":3,"column":38}},"loc":{"start":{"line":3,"column":41},"end":{"line":15,"column":1}},"line":3}},"branchMap":{},"s":{"0":3},"f":{"0":3},"b":{},"_coverageSchema":"1a1c01bbd47fc00a2c39e90264f33305004495a9","hash":"f34e3cfe5adfef880cf906c2918fe50fc0c758cd"}
,"/Users/yuliasivakova/Documents/front/RS/eCommApp/src/pages/questions/questionsCard.tsx": {"path":"/Users/yuliasivakova/Documents/front/RS/eCommApp/src/pages/questions/questionsCard.tsx","statementMap":{"0":{"start":{"line":9,"column":2},"end":{"line":24,"column":4}}},"fnMap":{"0":{"name":"AccordionQuestionsCard","decl":{"start":{"line":8,"column":16},"end":{"line":8,"column":38}},"loc":{"start":{"line":8,"column":58},"end":{"line":25,"column":1}},"line":8}},"branchMap":{},"s":{"0":12},"f":{"0":12},"b":{},"_coverageSchema":"1a1c01bbd47fc00a2c39e90264f33305004495a9","hash":"82411f4dbb41d9ecf7b18bd8e0facf12a336c631"}
,"/Users/yuliasivakova/Documents/front/RS/eCommApp/src/pages/questions/questions_page.tsx": {"path":"/Users/yuliasivakova/Documents/front/RS/eCommApp/src/pages/questions/questions_page.tsx","statementMap":{"0":{"start":{"line":8,"column":20},"end":{"line":8,"column":45}},"1":{"start":{"line":11,"column":2},"end":{"line":30,"column":4}},"2":{"start":{"line":34,"column":2},"end":{"line":39,"column":4}},"3":{"start":{"line":43,"column":16},"end":{"line":43,"column":34}},"4":{"start":{"line":44,"column":2},"end":{"line":51,"column":4}},"5":{"start":{"line":55,"column":16},"end":{"line":57,"column":4}},"6":{"start":{"line":56,"column":4},"end":{"line":56,"column":95}},"7":{"start":{"line":58,"column":2},"end":{"line":58,"column":28}}},"fnMap":{"0":{"name":"QuestionsPage","decl":{"start":{"line":10,"column":16},"end":{"line":10,"column":29}},"loc":{"start":{"line":10,"column":32},"end":{"line":31,"column":1}},"line":10},"1":{"name":"QuestionsContent","decl":{"start":{"line":33,"column":9},"end":{"line":33,"column":25}},"loc":{"start":{"line":33,"column":28},"end":{"line":40,"column":1}},"line":33},"2":{"name":"QuestionsList","decl":{"start":{"line":42,"column":9},"end":{"line":42,"column":22}},"loc":{"start":{"line":42,"column":25},"end":{"line":52,"column":1}},"line":42},"3":{"name":"QuestionsCards","decl":{"start":{"line":54,"column":9},"end":{"line":54,"column":23}},"loc":{"start":{"line":54,"column":26},"end":{"line":59,"column":1}},"line":54},"4":{"name":"(anonymous_4)","decl":{"start":{"line":55,"column":30},"end":{"line":55,"column":31}},"loc":{"start":{"line":56,"column":4},"end":{"line":56,"column":95}},"line":56}},"branchMap":{},"s":{"0":3,"1":3,"2":3,"3":3,"4":3,"5":3,"6":12,"7":3},"f":{"0":3,"1":3,"2":3,"3":3,"4":12},"b":{},"_coverageSchema":"1a1c01bbd47fc00a2c39e90264f33305004495a9","hash":"1cfe4e91342f9f08b7198481d4ad574976652c47"}
,"/Users/yuliasivakova/Documents/front/RS/eCommApp/src/pages/registration/registration_page.tsx": {"path":"/Users/yuliasivakova/Documents/front/RS/eCommApp/src/pages/registration/registration_page.tsx","statementMap":{"0":{"start":{"line":9,"column":20},"end":{"line":9,"column":45}},"1":{"start":{"line":12,"column":2},"end":{"line":42,"column":4}},"2":{"start":{"line":46,"column":2},"end":{"line":71,"column":4}}},"fnMap":{"0":{"name":"RegistrationPage","decl":{"start":{"line":11,"column":16},"end":{"line":11,"column":32}},"loc":{"start":{"line":11,"column":35},"end":{"line":43,"column":1}},"line":11},"1":{"name":"LoginLink","decl":{"start":{"line":45,"column":9},"end":{"line":45,"column":18}},"loc":{"start":{"line":45,"column":21},"end":{"line":72,"column":1}},"line":45}},"branchMap":{},"s":{"0":3,"1":3,"2":3},"f":{"0":3,"1":3},"b":{},"_coverageSchema":"1a1c01bbd47fc00a2c39e90264f33305004495a9","hash":"eb374f6ae71b9004924a64273033a613dd4d569e"}
,"/Users/yuliasivakova/Documents/front/RS/eCommApp/src/pages/shipping/dataShipping.ts": {"path":"/Users/yuliasivakova/Documents/front/RS/eCommApp/src/pages/shipping/dataShipping.ts","statementMap":{"0":{"start":{"line":1,"column":29},"end":{"line":19,"column":1}}},"fnMap":{},"branchMap":{},"s":{"0":3},"f":{},"b":{},"_coverageSchema":"1a1c01bbd47fc00a2c39e90264f33305004495a9","hash":"ac1b2936961488a8f089f799090cd6fd4df7c7ae"}
,"/Users/yuliasivakova/Documents/front/RS/eCommApp/src/pages/shipping/shipping-img.tsx": {"path":"/Users/yuliasivakova/Documents/front/RS/eCommApp/src/pages/shipping/shipping-img.tsx","statementMap":{"0":{"start":{"line":4,"column":2},"end":{"line":12,"column":4}}},"fnMap":{"0":{"name":"ShippingImage","decl":{"start":{"line":3,"column":24},"end":{"line":3,"column":37}},"loc":{"start":{"line":3,"column":40},"end":{"line":13,"column":1}},"line":3}},"branchMap":{},"s":{"0":3},"f":{"0":3},"b":{},"_coverageSchema":"1a1c01bbd47fc00a2c39e90264f33305004495a9","hash":"149414b3b80f285a4014d74c04619241dd46a026"}
,"/Users/yuliasivakova/Documents/front/RS/eCommApp/src/pages/shipping/shipping_page.tsx": {"path":"/Users/yuliasivakova/Documents/front/RS/eCommApp/src/pages/shipping/shipping_page.tsx","statementMap":{"0":{"start":{"line":7,"column":20},"end":{"line":7,"column":45}},"1":{"start":{"line":10,"column":2},"end":{"line":29,"column":4}},"2":{"start":{"line":33,"column":2},"end":{"line":49,"column":4}},"3":{"start":{"line":53,"column":15},"end":{"line":61,"column":4}},"4":{"start":{"line":54,"column":4},"end":{"line":60,"column":10}},"5":{"start":{"line":63,"column":2},"end":{"line":63,"column":53}}},"fnMap":{"0":{"name":"ShippingPage","decl":{"start":{"line":9,"column":16},"end":{"line":9,"column":28}},"loc":{"start":{"line":9,"column":31},"end":{"line":30,"column":1}},"line":9},"1":{"name":"ShippingContent","decl":{"start":{"line":32,"column":9},"end":{"line":32,"column":24}},"loc":{"start":{"line":32,"column":27},"end":{"line":50,"column":1}},"line":32},"2":{"name":"TextGuarantee","decl":{"start":{"line":52,"column":9},"end":{"line":52,"column":22}},"loc":{"start":{"line":52,"column":25},"end":{"line":64,"column":1}},"line":52},"3":{"name":"(anonymous_3)","decl":{"start":{"line":53,"column":33},"end":{"line":53,"column":34}},"loc":{"start":{"line":54,"column":4},"end":{"line":60,"column":10}},"line":54}},"branchMap":{"0":{"loc":{"start":{"line":57,"column":9},"end":{"line":57,"column":74}},"type":"binary-expr","locations":[{"start":{"line":57,"column":9},"end":{"line":57,"column":20}},{"start":{"line":57,"column":24},"end":{"line":57,"column":74}}],"line":57}},"s":{"0":3,"1":3,"2":3,"3":3,"4":9,"5":3},"f":{"0":3,"1":3,"2":3,"3":9},"b":{"0":[9,6]},"_coverageSchema":"1a1c01bbd47fc00a2c39e90264f33305004495a9","hash":"06dcb887283c68d0d2081544d9af15449662e3c3"}
,"/Users/yuliasivakova/Documents/front/RS/eCommApp/src/pages/workshops/cardWorkshops.tsx": {"path":"/Users/yuliasivakova/Documents/front/RS/eCommApp/src/pages/workshops/cardWorkshops.tsx","statementMap":{"0":{"start":{"line":12,"column":2},"end":{"line":28,"column":4}},"1":{"start":{"line":32,"column":16},"end":{"line":32,"column":28}},"2":{"start":{"line":33,"column":2},"end":{"line":50,"column":4}}},"fnMap":{"0":{"name":"CardWorkshops","decl":{"start":{"line":11,"column":24},"end":{"line":11,"column":37}},"loc":{"start":{"line":11,"column":60},"end":{"line":29,"column":1}},"line":11},"1":{"name":"AccordionDescription","decl":{"start":{"line":31,"column":9},"end":{"line":31,"column":29}},"loc":{"start":{"line":31,"column":51},"end":{"line":51,"column":1}},"line":31}},"branchMap":{"0":{"loc":{"start":{"line":25,"column":9},"end":{"line":25,"column":86}},"type":"binary-expr","locations":[{"start":{"line":25,"column":9},"end":{"line":25,"column":26}},{"start":{"line":25,"column":30},"end":{"line":25,"column":86}}],"line":25}},"s":{"0":18,"1":15,"2":15},"f":{"0":18,"1":15},"b":{"0":[18,15]},"_coverageSchema":"1a1c01bbd47fc00a2c39e90264f33305004495a9","hash":"1985cd94a0b86ba738c1da5997f360fc046100ba"}
,"/Users/yuliasivakova/Documents/front/RS/eCommApp/src/pages/workshops/dataWorkshops.ts": {"path":"/Users/yuliasivakova/Documents/front/RS/eCommApp/src/pages/workshops/dataWorkshops.ts","statementMap":{"0":{"start":{"line":1,"column":28},"end":{"line":4,"column":1}},"1":{"start":{"line":6,"column":34},"end":{"line":31,"column":1}},"2":{"start":{"line":33,"column":30},"end":{"line":52,"column":1}}},"fnMap":{},"branchMap":{},"s":{"0":3,"1":3,"2":3},"f":{},"b":{},"_coverageSchema":"1a1c01bbd47fc00a2c39e90264f33305004495a9","hash":"fd412279a2d90e6158d3d51568e4125ab73df60e"}
,"/Users/yuliasivakova/Documents/front/RS/eCommApp/src/pages/workshops/tabsWorkshops.tsx": {"path":"/Users/yuliasivakova/Documents/front/RS/eCommApp/src/pages/workshops/tabsWorkshops.tsx","statementMap":{"0":{"start":{"line":11,"column":28},"end":{"line":11,"column":47}},"1":{"start":{"line":13,"column":23},"end":{"line":17,"column":3}},"2":{"start":{"line":14,"column":4},"end":{"line":16,"column":5}},"3":{"start":{"line":15,"column":6},"end":{"line":15,"column":25}},"4":{"start":{"line":19,"column":2},"end":{"line":36,"column":4}},"5":{"start":{"line":40,"column":16},"end":{"line":49,"column":4}},"6":{"start":{"line":41,"column":4},"end":{"line":48,"column":6}},"7":{"start":{"line":50,"column":2},"end":{"line":50,"column":85}},"8":{"start":{"line":54,"column":16},"end":{"line":62,"column":4}},"9":{"start":{"line":55,"column":4},"end":{"line":61,"column":6}},"10":{"start":{"line":63,"column":2},"end":{"line":63,"column":85}}},"fnMap":{"0":{"name":"TabsWorkshops","decl":{"start":{"line":10,"column":24},"end":{"line":10,"column":37}},"loc":{"start":{"line":10,"column":40},"end":{"line":37,"column":1}},"line":10},"1":{"name":"(anonymous_1)","decl":{"start":{"line":13,"column":23},"end":{"line":13,"column":24}},"loc":{"start":{"line":13,"column":74},"end":{"line":17,"column":3}},"line":13},"2":{"name":"IncomingWorkshops","decl":{"start":{"line":39,"column":9},"end":{"line":39,"column":26}},"loc":{"start":{"line":39,"column":29},"end":{"line":51,"column":1}},"line":39},"3":{"name":"(anonymous_3)","decl":{"start":{"line":40,"column":39},"end":{"line":40,"column":40}},"loc":{"start":{"line":41,"column":4},"end":{"line":48,"column":6}},"line":41},"4":{"name":"PastWorkshops","decl":{"start":{"line":53,"column":9},"end":{"line":53,"column":22}},"loc":{"start":{"line":53,"column":25},"end":{"line":64,"column":1}},"line":53},"5":{"name":"(anonymous_5)","decl":{"start":{"line":54,"column":35},"end":{"line":54,"column":36}},"loc":{"start":{"line":55,"column":4},"end":{"line":61,"column":6}},"line":55}},"branchMap":{"0":{"loc":{"start":{"line":14,"column":4},"end":{"line":16,"column":5}},"type":"if","locations":[{"start":{"line":14,"column":4},"end":{"line":16,"column":5}},{"start":{},"end":{}}],"line":14}},"s":{"0":6,"1":6,"2":1,"3":1,"4":6,"5":5,"6":15,"7":5,"8":1,"9":3,"10":1},"f":{"0":6,"1":1,"2":5,"3":15,"4":1,"5":3},"b":{"0":[1,0]},"_coverageSchema":"1a1c01bbd47fc00a2c39e90264f33305004495a9","hash":"54ba363f9fd9fb6188326b362437593d1d465648"}
,"/Users/yuliasivakova/Documents/front/RS/eCommApp/src/pages/workshops/workshops_page.tsx": {"path":"/Users/yuliasivakova/Documents/front/RS/eCommApp/src/pages/workshops/workshops_page.tsx","statementMap":{"0":{"start":{"line":7,"column":20},"end":{"line":7,"column":45}},"1":{"start":{"line":10,"column":2},"end":{"line":28,"column":4}},"2":{"start":{"line":32,"column":2},"end":{"line":37,"column":4}}},"fnMap":{"0":{"name":"WorkshopsPage","decl":{"start":{"line":9,"column":16},"end":{"line":9,"column":29}},"loc":{"start":{"line":9,"column":32},"end":{"line":29,"column":1}},"line":9},"1":{"name":"WorkshopsContent","decl":{"start":{"line":31,"column":9},"end":{"line":31,"column":25}},"loc":{"start":{"line":31,"column":28},"end":{"line":38,"column":1}},"line":31}},"branchMap":{},"s":{"0":3,"1":5,"2":5},"f":{"0":5,"1":5},"b":{},"_coverageSchema":"1a1c01bbd47fc00a2c39e90264f33305004495a9","hash":"a2795dbf24da740eb9948623a1cd85474ddc0b70"}
,"/Users/yuliasivakova/Documents/front/RS/eCommApp/src/services/createCustomer.ts": {"path":"/Users/yuliasivakova/Documents/front/RS/eCommApp/src/services/createCustomer.ts","statementMap":{"0":{"start":{"line":4,"column":2},"end":{"line":25,"column":3}},"1":{"start":{"line":5,"column":31},"end":{"line":5,"column":58}},"2":{"start":{"line":6,"column":21},"end":{"line":16,"column":5}},"3":{"start":{"line":17,"column":19},"end":{"line":17,"column":40}},"4":{"start":{"line":18,"column":4},"end":{"line":22,"column":5}},"5":{"start":{"line":19,"column":6},"end":{"line":19,"column":71}},"6":{"start":{"line":21,"column":6},"end":{"line":21,"column":28}}},"fnMap":{"0":{"name":"createCustomer","decl":{"start":{"line":3,"column":22},"end":{"line":3,"column":36}},"loc":{"start":{"line":3,"column":48},"end":{"line":26,"column":1}},"line":3}},"branchMap":{"0":{"loc":{"start":{"line":3,"column":37},"end":{"line":3,"column":46}},"type":"default-arg","locations":[{"start":{"line":3,"column":44},"end":{"line":3,"column":46}}],"line":3},"1":{"loc":{"start":{"line":18,"column":4},"end":{"line":22,"column":5}},"type":"if","locations":[{"start":{"line":18,"column":4},"end":{"line":22,"column":5}},{"start":{"line":20,"column":11},"end":{"line":22,"column":5}}],"line":18}},"s":{"0":0,"1":0,"2":0,"3":0,"4":0,"5":0,"6":0},"f":{"0":0},"b":{"0":[0],"1":[0,0]},"_coverageSchema":"1a1c01bbd47fc00a2c39e90264f33305004495a9","hash":"2801109a66fd12dff4acd767e9274af8df11a48a"}
,"/Users/yuliasivakova/Documents/front/RS/eCommApp/src/services/getAdminBearerToken.ts": {"path":"/Users/yuliasivakova/Documents/front/RS/eCommApp/src/services/getAdminBearerToken.ts","statementMap":{"0":{"start":{"line":2,"column":2},"end":{"line":18,"column":3}},"1":{"start":{"line":3,"column":21},"end":{"line":13,"column":5}},"2":{"start":{"line":14,"column":25},"end":{"line":14,"column":46}},"3":{"start":{"line":15,"column":4},"end":{"line":15,"column":37}}},"fnMap":{"0":{"name":"getAdminBearerToken","decl":{"start":{"line":1,"column":22},"end":{"line":1,"column":41}},"loc":{"start":{"line":1,"column":44},"end":{"line":19,"column":1}},"line":1}},"branchMap":{},"s":{"0":0,"1":0,"2":0,"3":0},"f":{"0":0},"b":{},"_coverageSchema":"1a1c01bbd47fc00a2c39e90264f33305004495a9","hash":"d551a6ee20a8aa30847d949d2481a0f3cee1e48f"}
,"/Users/yuliasivakova/Documents/front/RS/eCommApp/src/services/routing.tsx": {"path":"/Users/yuliasivakova/Documents/front/RS/eCommApp/src/services/routing.tsx","statementMap":{"0":{"start":{"line":17,"column":2},"end":{"line":32,"column":4}}},"fnMap":{"0":{"name":"RoutingApp","decl":{"start":{"line":16,"column":9},"end":{"line":16,"column":19}},"loc":{"start":{"line":16,"column":22},"end":{"line":33,"column":1}},"line":16}},"branchMap":{},"s":{"0":12},"f":{"0":12},"b":{},"_coverageSchema":"1a1c01bbd47fc00a2c39e90264f33305004495a9","hash":"59fcd9d39486ad85444fdd0bd697c8efb2c647bf"}
,"/Users/yuliasivakova/Documents/front/RS/eCommApp/src/utils/calcDateXYearsAgo.ts": {"path":"/Users/yuliasivakova/Documents/front/RS/eCommApp/src/utils/calcDateXYearsAgo.ts","statementMap":{"0":{"start":{"line":2,"column":2},"end":{"line":9,"column":24}}},"fnMap":{"0":{"name":"calcDateXYearsAgo","decl":{"start":{"line":1,"column":24},"end":{"line":1,"column":41}},"loc":{"start":{"line":1,"column":57},"end":{"line":10,"column":1}},"line":1}},"branchMap":{},"s":{"0":4},"f":{"0":4},"b":{},"_coverageSchema":"1a1c01bbd47fc00a2c39e90264f33305004495a9","hash":"538527fc713a6774b75881d4ebc7d523bcb5b469"}
,"/Users/yuliasivakova/Documents/front/RS/eCommApp/src/utils/regexToValidate.ts": {"path":"/Users/yuliasivakova/Documents/front/RS/eCommApp/src/utils/regexToValidate.ts","statementMap":{"0":{"start":{"line":2,"column":2},"end":{"line":2,"column":450}},"1":{"start":{"line":4,"column":26},"end":{"line":4,"column":42}},"2":{"start":{"line":7,"column":2},"end":{"line":7,"column":72}},"3":{"start":{"line":9,"column":29},"end":{"line":9,"column":65}},"4":{"start":{"line":11,"column":27},"end":{"line":11,"column":49}},"5":{"start":{"line":13,"column":25},"end":{"line":13,"column":57}}},"fnMap":{},"branchMap":{},"s":{"0":4,"1":4,"2":4,"3":4,"4":4,"5":4},"f":{},"b":{},"_coverageSchema":"1a1c01bbd47fc00a2c39e90264f33305004495a9","hash":"4fd91502d39b36b0e9007df1854ce1942cbac93a"}
}
