TN:
SF:src/App.tsx
FN:9,App
FNF:1
FNH:1
FNDA:12,App
DA:7,2
DA:10,12
LF:2
LH:2
BRF:0
BRH:0
end_of_record
TN:
SF:src/assets/theme1.tsx
FNF:0
FNH:0
DA:3,15
LF:1
LH:1
BRF:0
BRH:0
end_of_record
TN:
SF:src/components/footer/footer.tsx
FN:11,Copyright
FN:25,Footer
FNF:2
FNH:2
FNDA:13,Copyright
FNDA:13,Footer
DA:9,3
DA:12,13
DA:26,13
LF:3
LH:3
BRF:0
BRH:0
end_of_record
TN:
SF:src/components/header/header-nav.tsx
FN:10,HeaderNavPages
FNF:1
FNH:1
FNDA:13,HeaderNavPages
DA:8,3
DA:11,13
LF:2
LH:2
BRF:0
BRH:0
end_of_record
TN:
SF:src/components/header/header.tsx
FN:14,Header
FN:46,HeaderTitle
FN:78,HeaderNavLinks
FN:81,(anonymous_3)
FN:96,(anonymous_4)
FN:123,HeaderTitleAdditional
FNF:6
FNH:4
FNDA:13,Header
FNDA:13,HeaderTitle
FNDA:25,HeaderNavLinks
FNDA:0,(anonymous_3)
FNDA:0,(anonymous_4)
FNDA:13,HeaderTitleAdditional
DA:12,3
DA:15,13
DA:47,13
DA:79,25
DA:81,25
DA:82,0
DA:83,0
DA:86,25
DA:96,0
DA:124,13
LF:10
LH:7
BRDA:95,0,0,0
BRDA:95,0,1,25
BRF:2
BRH:1
end_of_record
TN:
SF:src/components/login-form/login-form.tsx
FN:17,LoginForm
FN:24,(anonymous_1)
FN:30,(anonymous_2)
FN:33,(anonymous_3)
FN:44,(anonymous_4)
FN:47,(anonymous_5)
FN:51,(anonymous_6)
FN:51,(anonymous_7)
FN:53,(anonymous_8)
FN:70,(anonymous_9)
FN:85,(anonymous_10)
FN:105,(anonymous_11)
FNF:12
FNH:2
FNDA:4,LoginForm
FNDA:4,(anonymous_1)
FNDA:0,(anonymous_2)
FNDA:0,(anonymous_3)
FNDA:0,(anonymous_4)
FNDA:0,(anonymous_5)
FNDA:0,(anonymous_6)
FNDA:0,(anonymous_7)
FNDA:0,(anonymous_8)
FNDA:0,(anonymous_9)
FNDA:0,(anonymous_10)
FNDA:0,(anonymous_11)
DA:18,4
DA:19,4
DA:20,4
DA:21,4
DA:22,4
DA:24,4
DA:25,4
DA:26,0
DA:30,4
DA:31,0
DA:32,0
DA:33,0
DA:34,0
DA:35,0
DA:36,0
DA:37,0
DA:38,0
DA:44,4
DA:45,0
DA:47,4
DA:48,0
DA:51,4
DA:53,4
DA:54,0
DA:57,4
DA:71,0
DA:72,0
DA:86,0
DA:87,0
DA:105,0
LF:30
LH:13
BRDA:25,0,0,0
BRDA:25,0,1,4
BRDA:32,1,0,0
BRDA:32,1,1,0
BRDA:32,2,0,0
BRDA:32,2,1,0
BRDA:34,3,0,0
BRDA:34,3,1,0
BRDA:36,4,0,0
BRDA:36,4,1,0
BRDA:66,5,0,4
BRDA:66,5,1,0
BRDA:71,6,0,0
BRDA:71,6,1,0
BRDA:74,7,0,4
BRDA:74,7,1,0
BRDA:74,7,2,0
BRDA:77,8,0,4
BRDA:77,8,1,0
BRDA:79,9,0,0
BRDA:79,9,1,4
BRDA:83,10,0,4
BRDA:83,10,1,0
BRDA:83,10,2,0
BRDA:86,11,0,0
BRDA:86,11,1,0
BRDA:98,12,0,0
BRDA:98,12,1,4
BRDA:108,13,0,4
BRDA:108,13,1,0
BRF:30
BRH:8
end_of_record
TN:
SF:src/components/login-form/login-request.ts
FN:3,encodeLoginRequestBody
FN:19,loginUser
FNF:2
FNH:0
FNDA:0,encodeLoginRequestBody
FNDA:0,loginUser
DA:4,0
DA:10,0
DA:11,0
DA:12,0
DA:13,0
DA:14,0
DA:16,0
DA:20,0
DA:32,0
DA:33,0
LF:10
LH:0
BRF:0
BRH:0
end_of_record
TN:
SF:src/components/registration-form/registration-form.tsx
FN:25,Form1
FN:41,(anonymous_1)
FN:47,(anonymous_2)
FN:53,(anonymous_3)
FN:76,(anonymous_4)
FN:78,(anonymous_5)
FNF:6
FNH:2
FNDA:4,Form1
FNDA:0,(anonymous_1)
FNDA:3,(anonymous_2)
FNDA:0,(anonymous_3)
FNDA:0,(anonymous_4)
FNDA:0,(anonymous_5)
DA:30,4
DA:36,4
DA:37,4
DA:39,4
DA:41,4
DA:42,0
DA:45,4
DA:47,4
DA:48,3
DA:49,0
DA:53,4
DA:55,0
DA:56,0
DA:65,0
DA:66,0
DA:67,0
DA:69,0
DA:70,0
DA:71,0
DA:74,0
DA:76,0
DA:77,0
DA:78,0
DA:79,0
DA:80,0
DA:88,4
LF:26
LH:10
BRDA:48,0,0,0
BRDA:48,0,1,3
BRDA:65,1,0,0
BRDA:65,1,1,0
BRDA:69,2,0,0
BRDA:69,2,1,0
BRF:6
BRH:1
end_of_record
TN:
SF:src/data/PATH.ts
FNF:0
FNH:0
DA:1,6
LF:1
LH:1
BRF:0
BRH:0
end_of_record
TN:
SF:src/data/TITLES.ts
FNF:0
FNH:0
DA:1,11
DA:6,11
LF:2
LH:2
BRF:0
BRH:0
end_of_record
TN:
SF:src/data/pages.ts
FNF:0
FNH:0
DA:1,3
LF:1
LH:1
BRF:0
BRH:0
end_of_record
TN:
SF:src/pages/about/about.tsx
FN:6,About
FNF:1
FNH:1
FNDA:3,About
DA:4,3
DA:7,3
LF:2
LH:2
BRF:0
BRH:0
end_of_record
TN:
SF:src/pages/basket/basket_page.tsx
FN:7,BasketPage
FNF:1
FNH:1
FNDA:3,BasketPage
DA:5,3
DA:8,3
LF:2
LH:2
BRF:0
BRH:0
end_of_record
TN:
SF:src/pages/contacts/contacts-img.tsx
FN:3,ContactsImage
FNF:1
FNH:1
FNDA:2,ContactsImage
DA:4,2
LF:1
LH:1
BRF:0
BRH:0
end_of_record
TN:
SF:src/pages/contacts/contacts_page.tsx
FN:16,ContactsPage
FN:43,ContactsContent
FN:62,ContactsInfo
FN:63,(anonymous_3)
FNF:4
FNH:4
FNDA:2,ContactsPage
FNDA:2,ContactsContent
FNDA:2,ContactsInfo
FNDA:8,(anonymous_3)
DA:14,3
DA:17,2
DA:44,2
DA:63,2
DA:64,8
DA:75,2
LF:6
LH:6
BRDA:66,0,0,8
BRDA:66,0,1,2
BRDA:67,1,0,8
BRDA:67,1,1,2
BRDA:68,2,0,8
BRDA:68,2,1,2
BRDA:69,3,0,8
BRDA:69,3,1,2
BRF:8
BRH:8
end_of_record
TN:
SF:src/pages/contacts/dataContacts.ts
FNF:0
FNH:0
DA:1,3
DA:20,3
LF:2
LH:2
BRF:0
BRH:0
end_of_record
TN:
SF:src/pages/guarantee/dataGuarantee.ts
FNF:0
FNH:0
DA:1,3
LF:1
LH:1
BRF:0
BRH:0
end_of_record
TN:
SF:src/pages/guarantee/guarantee-img.tsx
FN:3,GuaranteeImage
FNF:1
FNH:1
FNDA:3,GuaranteeImage
DA:4,3
LF:1
LH:1
BRF:0
BRH:0
end_of_record
TN:
SF:src/pages/guarantee/guarantee_page.tsx
FN:9,GuaranteePage
FN:32,GuaranteeContent
FN:52,TextGuarantee
FN:53,(anonymous_3)
FNF:4
FNH:4
FNDA:3,GuaranteePage
FNDA:3,GuaranteeContent
FNDA:3,TextGuarantee
FNDA:12,(anonymous_3)
DA:7,3
DA:10,3
DA:33,3
DA:53,3
DA:54,12
DA:63,3
LF:6
LH:6
BRDA:57,0,0,12
BRDA:57,0,1,9
BRF:2
BRH:2
end_of_record
TN:
SF:src/pages/login/login_page.tsx
FN:11,LoginPage
FN:35,RegisterLink
FNF:2
FNH:2
FNDA:4,LoginPage
FNDA:4,RegisterLink
DA:9,3
DA:12,4
DA:36,4
LF:3
LH:3
BRF:0
BRH:0
end_of_record
TN:
SF:src/pages/main/main.tsx
FN:11,Main
FNF:1
FNH:1
FNDA:3,Main
DA:9,2
DA:12,3
LF:2
LH:2
BRF:0
BRH:0
end_of_record
TN:
SF:src/pages/main/main_page-create.tsx
FN:7,MainPage
FNF:1
FNH:1
FNDA:3,MainPage
DA:5,2
DA:8,3
LF:2
LH:2
BRF:0
BRH:0
end_of_record
TN:
SF:src/pages/not-found/not-found-img.tsx
FN:3,NotFoundImage
FNF:1
FNH:1
FNDA:1,NotFoundImage
DA:4,1
LF:1
LH:1
BRF:0
BRH:0
end_of_record
TN:
SF:src/pages/not-found/not-found.tsx
FN:9,NotFoundPage
FNF:1
FNH:1
FNDA:1,NotFoundPage
DA:7,3
DA:10,1
LF:2
LH:2
BRF:0
BRH:0
end_of_record
TN:
SF:src/pages/plants/plants_page.tsx
FN:7,PlantsPage
FNF:1
FNH:1
FNDA:3,PlantsPage
DA:5,3
DA:8,3
LF:2
LH:2
BRF:0
BRH:0
end_of_record
TN:
SF:src/pages/questions/dataQuestions.ts
FNF:0
FNH:0
DA:1,3
LF:1
LH:1
BRF:0
BRH:0
end_of_record
TN:
SF:src/pages/questions/questions-img.tsx
FN:3,QuestionsImage
FNF:1
FNH:1
FNDA:3,QuestionsImage
DA:4,3
LF:1
LH:1
BRF:0
BRH:0
end_of_record
TN:
SF:src/pages/questions/questionsCard.tsx
FN:8,AccordionQuestionsCard
FNF:1
FNH:1
FNDA:12,AccordionQuestionsCard
DA:9,12
LF:1
LH:1
BRF:0
BRH:0
end_of_record
TN:
SF:src/pages/questions/questions_page.tsx
FN:10,QuestionsPage
FN:33,QuestionsContent
FN:42,QuestionsList
FN:54,QuestionsCards
FN:55,(anonymous_4)
FNF:5
FNH:5
FNDA:3,QuestionsPage
FNDA:3,QuestionsContent
FNDA:3,QuestionsList
FNDA:3,QuestionsCards
FNDA:12,(anonymous_4)
DA:8,3
DA:11,3
DA:34,3
DA:43,3
DA:44,3
DA:55,3
DA:56,12
DA:58,3
LF:8
LH:8
BRF:0
BRH:0
end_of_record
TN:
SF:src/pages/registration/registration_page.tsx
FN:11,RegistrationPage
FN:45,LoginLink
FNF:2
FNH:2
FNDA:3,RegistrationPage
FNDA:3,LoginLink
DA:9,3
DA:12,3
DA:46,3
LF:3
LH:3
BRF:0
BRH:0
end_of_record
TN:
SF:src/pages/shipping/dataShipping.ts
FNF:0
FNH:0
DA:1,3
LF:1
LH:1
BRF:0
BRH:0
end_of_record
TN:
SF:src/pages/shipping/shipping-img.tsx
FN:3,ShippingImage
FNF:1
FNH:1
FNDA:3,ShippingImage
DA:4,3
LF:1
LH:1
BRF:0
BRH:0
end_of_record
TN:
SF:src/pages/shipping/shipping_page.tsx
FN:9,ShippingPage
FN:32,ShippingContent
FN:52,TextGuarantee
FN:53,(anonymous_3)
FNF:4
FNH:4
FNDA:3,ShippingPage
FNDA:3,ShippingContent
FNDA:3,TextGuarantee
FNDA:9,(anonymous_3)
DA:7,3
DA:10,3
DA:33,3
DA:53,3
DA:54,9
DA:63,3
LF:6
LH:6
BRDA:57,0,0,9
BRDA:57,0,1,6
BRF:2
BRH:2
end_of_record
TN:
SF:src/pages/workshops/cardWorkshops.tsx
FN:11,CardWorkshops
FN:31,AccordionDescription
FNF:2
FNH:2
FNDA:18,CardWorkshops
FNDA:15,AccordionDescription
DA:12,18
DA:32,15
DA:33,15
LF:3
LH:3
BRDA:25,0,0,18
BRDA:25,0,1,15
BRF:2
BRH:2
end_of_record
TN:
SF:src/pages/workshops/dataWorkshops.ts
FNF:0
FNH:0
DA:1,3
DA:6,3
DA:33,3
LF:3
LH:3
BRF:0
BRH:0
end_of_record
TN:
SF:src/pages/workshops/tabsWorkshops.tsx
FN:10,TabsWorkshops
FN:13,(anonymous_1)
FN:39,IncomingWorkshops
FN:40,(anonymous_3)
FN:53,PastWorkshops
FN:54,(anonymous_5)
FNF:6
FNH:6
FNDA:6,TabsWorkshops
FNDA:1,(anonymous_1)
FNDA:5,IncomingWorkshops
FNDA:15,(anonymous_3)
FNDA:1,PastWorkshops
FNDA:3,(anonymous_5)
DA:11,6
DA:13,6
DA:14,1
DA:15,1
DA:19,6
DA:40,5
DA:41,15
DA:50,5
DA:54,1
DA:55,3
DA:63,1
LF:11
LH:11
BRDA:14,0,0,1
BRDA:14,0,1,0
BRF:2
BRH:1
end_of_record
TN:
SF:src/pages/workshops/workshops_page.tsx
FN:9,WorkshopsPage
FN:31,WorkshopsContent
FNF:2
FNH:2
FNDA:5,WorkshopsPage
FNDA:5,WorkshopsContent
DA:7,3
DA:10,5
DA:32,5
LF:3
LH:3
BRF:0
BRH:0
end_of_record
TN:
SF:src/services/createCustomer.ts
FN:3,createCustomer
FNF:1
FNH:0
FNDA:0,createCustomer
DA:4,0
DA:5,0
DA:6,0
DA:17,0
DA:18,0
DA:19,0
DA:21,0
LF:7
LH:0
BRDA:3,0,0,0
BRDA:18,1,0,0
BRDA:18,1,1,0
BRF:3
BRH:0
end_of_record
TN:
SF:src/services/getAdminBearerToken.ts
FN:1,getAdminBearerToken
FNF:1
FNH:0
FNDA:0,getAdminBearerToken
DA:2,0
DA:3,0
DA:14,0
DA:15,0
LF:4
LH:0
BRF:0
BRH:0
end_of_record
TN:
SF:src/services/routing.tsx
FN:16,RoutingApp
FNF:1
FNH:1
FNDA:12,RoutingApp
DA:17,12
LF:1
LH:1
BRF:0
BRH:0
end_of_record
TN:
SF:src/utils/calcDateXYearsAgo.ts
FN:1,calcDateXYearsAgo
FNF:1
FNH:1
FNDA:4,calcDateXYearsAgo
DA:2,4
LF:1
LH:1
BRF:0
BRH:0
end_of_record
TN:
SF:src/utils/regexToValidate.ts
FNF:0
FNH:0
DA:2,4
DA:4,4
DA:7,4
DA:9,4
DA:11,4
DA:13,4
LF:6
LH:6
BRF:0
BRH:0
end_of_record
